# JRE version: Java(TM) SE Runtime Environment (11.0.2+9) (build 11.0.2+9-LTS)
# Java VM: Java HotSpot(TM) 64-Bit Server VM (11.0.2+9-LTS, mixed mode, tiered, compressed oops, g1 gc, windows-amd64)
Heap:
 garbage-first heap   total 129024K, used 57975K [0x0000000082800000, 0x0000000100000000)
  region size 1024K, 46 young (47104K), 7 survivors (7168K)
 Metaspace       used 38591K, capacity 39844K, committed 40144K, reserved 1083392K
  class space    used 4799K, capacity 5312K, committed 5376K, reserved 1048576K
GC Heap History (10 events):
Event: 3.402 GC heap before
{Heap before GC invocations=3 (full 0):
 garbage-first heap   total 129024K, used 19761K [0x0000000082800000, 0x0000000100000000)
  region size 1024K, 16 young (16384K), 2 survivors (2048K)
 Metaspace       used 20523K, capacity 21127K, committed 21296K, reserved 1069056K
  class space    used 2463K, capacity 2684K, committed 2688K, reserved 1048576K
}
Event: 3.406 GC heap after
{Heap after GC invocations=4 (full 0):
 garbage-first heap   total 129024K, used 7078K [0x0000000082800000, 0x0000000100000000)
  region size 1024K, 3 young (3072K), 3 survivors (3072K)
 Metaspace       used 20523K, capacity 21127K, committed 21296K, reserved 1069056K
  class space    used 2463K, capacity 2684K, committed 2688K, reserved 1048576K
}
Event: 4.396 GC heap before
{Heap before GC invocations=5 (full 0):
 garbage-first heap   total 129024K, used 43942K [0x0000000082800000, 0x0000000100000000)
  region size 1024K, 40 young (40960K), 3 survivors (3072K)
 Metaspace       used 27161K, capacity 27993K, committed 28288K, reserved 1073152K
  class space    used 3308K, capacity 3598K, committed 3712K, reserved 1048576K
}
Event: 4.403 GC heap after
{Heap after GC invocations=6 (full 0):
 garbage-first heap   total 129024K, used 9186K [0x0000000082800000, 0x0000000100000000)
  region size 1024K, 5 young (5120K), 5 survivors (5120K)
 Metaspace       used 27161K, capacity 27993K, committed 28288K, reserved 1073152K
  class space    used 3308K, capacity 3598K, committed 3712K, reserved 1048576K
}
Event: 7.614 GC heap before
{Heap before GC invocations=6 (full 0):
 garbage-first heap   total 129024K, used 70626K [0x0000000082800000, 0x0000000100000000)
  region size 1024K, 66 young (67584K), 5 survivors (5120K)
 Metaspace       used 32827K, capacity 33914K, committed 33920K, reserved 1079296K
  class space    used 4067K, capacity 4476K, committed 4480K, reserved 1048576K
}
Event: 7.627 GC heap after
{Heap after GC invocations=7 (full 0):
 garbage-first heap   total 129024K, used 12572K [0x0000000082800000, 0x0000000100000000)
  region size 1024K, 8 young (8192K), 8 survivors (8192K)
 Metaspace       used 32827K, capacity 33914K, committed 33920K, reserved 1079296K
  class space    used 4067K, capacity 4476K, committed 4480K, reserved 1048576K
}
Event: 8.555 GC heap before
{Heap before GC invocations=7 (full 0):
 garbage-first heap   total 129024K, used 34076K [0x0000000082800000, 0x0000000100000000)
  region size 1024K, 30 young (30720K), 8 survivors (8192K)
 Metaspace       used 34785K, capacity 35882K, committed 36048K, reserved 1081344K
  class space    used 4314K, capacity 4765K, committed 4864K, reserved 1048576K
}
Event: 8.582 GC heap after
{Heap after GC invocations=8 (full 0):
 garbage-first heap   total 129024K, used 14713K [0x0000000082800000, 0x0000000100000000)
  region size 1024K, 6 young (6144K), 6 survivors (6144K)
 Metaspace       used 34785K, capacity 35882K, committed 36048K, reserved 1081344K
  class space    used 4314K, capacity 4765K, committed 4864K, reserved 1048576K
}
Event: 20.595 GC heap before
{Heap before GC invocations=9 (full 0):
 garbage-first heap   total 129024K, used 78201K [0x0000000082800000, 0x0000000100000000)
  region size 1024K, 68 young (69632K), 6 survivors (6144K)
 Metaspace       used 37540K, capacity 38774K, committed 38992K, reserved 1083392K
  class space    used 4677K, capacity 5172K, committed 5248K, reserved 1048576K
}
Event: 20.614 GC heap after
{Heap after GC invocations=10 (full 0):
 garbage-first heap   total 129024K, used 19063K [0x0000000082800000, 0x0000000100000000)
  region size 1024K, 7 young (7168K), 7 survivors (7168K)
 Metaspace       used 37540K, capacity 38774K, committed 38992K, reserved 1083392K
  class space    used 4677K, capacity 5172K, committed 5248K, reserved 1048576K
}

