# JRE version: Java(TM) SE Runtime Environment (8.0_212-b10) (build 1.8.0_212-b10)
# Java VM: Java HotSpot(TM) 64-Bit Server VM (25.212-b10 mixed mode windows-amd64 compressed oops)
Heap:
 PSYoungGen      total 140800K, used 50674K [0x0000000780980000, 0x000000078ba00000, 0x00000007c0000000)
  eden space 126976K, 29% used [0x0000000780980000,0x0000000782d82f48,0x0000000788580000)
  from space 13824K, 99% used [0x0000000789600000,0x000000078a3799e0,0x000000078a380000)
  to   space 16896K, 0% used [0x0000000788580000,0x0000000788580000,0x0000000789600000)
 ParOldGen       total 72704K, used 10700K [0x0000000701c00000, 0x0000000706300000, 0x0000000780980000)
  object space 72704K, 14% used [0x0000000701c00000,0x00000007026733e0,0x0000000706300000)
 Metaspace       used 31547K, capacity 33370K, committed 33664K, reserved 1079296K
  class space    used 4292K, capacity 4633K, committed 4736K, reserved 1048576K
GC Heap History (10 events):
Event: 1.052 GC heap before
{Heap before GC invocations=3 (full 0):
 PSYoungGen      total 57344K, used 17184K [0x0000000780980000, 0x0000000787980000, 0x00000007c0000000)
  eden space 49152K, 18% used [0x0000000780980000,0x000000078124b3a0,0x0000000783980000)
  from space 8192K, 99% used [0x0000000784180000,0x000000078497ccb8,0x0000000784980000)
  to   space 8192K, 0% used [0x0000000783980000,0x0000000783980000,0x0000000784180000)
 ParOldGen       total 131072K, used 2090K [0x0000000701c00000, 0x0000000709c00000, 0x0000000780980000)
  object space 131072K, 1% used [0x0000000701c00000,0x0000000701e0aa40,0x0000000709c00000)
 Metaspace       used 20695K, capacity 21258K, committed 21296K, reserved 1067008K
  class space    used 2790K, capacity 2932K, committed 2944K, reserved 1048576K
Event: 1.056 GC heap after
Heap after GC invocations=3 (full 0):
 PSYoungGen      total 57344K, used 5924K [0x0000000780980000, 0x0000000787980000, 0x00000007c0000000)
  eden space 49152K, 0% used [0x0000000780980000,0x0000000780980000,0x0000000783980000)
  from space 8192K, 72% used [0x0000000783980000,0x0000000783f49140,0x0000000784180000)
  to   space 8192K, 0% used [0x0000000787180000,0x0000000787180000,0x0000000787980000)
 ParOldGen       total 131072K, used 2162K [0x0000000701c00000, 0x0000000709c00000, 0x0000000780980000)
  object space 131072K, 1% used [0x0000000701c00000,0x0000000701e1ca50,0x0000000709c00000)
 Metaspace       used 20695K, capacity 21258K, committed 21296K, reserved 1067008K
  class space    used 2790K, capacity 2932K, committed 2944K, reserved 1048576K
}
Event: 1.056 GC heap before
{Heap before GC invocations=4 (full 1):
 PSYoungGen      total 57344K, used 5924K [0x0000000780980000, 0x0000000787980000, 0x00000007c0000000)
  eden space 49152K, 0% used [0x0000000780980000,0x0000000780980000,0x0000000783980000)
  from space 8192K, 72% used [0x0000000783980000,0x0000000783f49140,0x0000000784180000)
  to   space 8192K, 0% used [0x0000000787180000,0x0000000787180000,0x0000000787980000)
 ParOldGen       total 131072K, used 2162K [0x0000000701c00000, 0x0000000709c00000, 0x0000000780980000)
  object space 131072K, 1% used [0x0000000701c00000,0x0000000701e1ca50,0x0000000709c00000)
 Metaspace       used 20695K, capacity 21258K, committed 21296K, reserved 1067008K
  class space    used 2790K, capacity 2932K, committed 2944K, reserved 1048576K
Event: 1.080 GC heap after
Heap after GC invocations=4 (full 1):
 PSYoungGen      total 57344K, used 0K [0x0000000780980000, 0x0000000787980000, 0x00000007c0000000)
  eden space 49152K, 0% used [0x0000000780980000,0x0000000780980000,0x0000000783980000)
  from space 8192K, 0% used [0x0000000783980000,0x0000000783980000,0x0000000784180000)
  to   space 8192K, 0% used [0x0000000787180000,0x0000000787180000,0x0000000787980000)
 ParOldGen       total 72704K, used 5762K [0x0000000701c00000, 0x0000000706300000, 0x0000000780980000)
  object space 72704K, 7% used [0x0000000701c00000,0x00000007021a08c8,0x0000000706300000)
 Metaspace       used 20693K, capacity 21252K, committed 21296K, reserved 1067008K
  class space    used 2790K, capacity 2931K, committed 2944K, reserved 1048576K
}
Event: 1.391 GC heap before
{Heap before GC invocations=5 (full 1):
 PSYoungGen      total 57344K, used 49152K [0x0000000780980000, 0x0000000787980000, 0x00000007c0000000)
  eden space 49152K, 100% used [0x0000000780980000,0x0000000783980000,0x0000000783980000)
  from space 8192K, 0% used [0x0000000783980000,0x0000000783980000,0x0000000784180000)
  to   space 8192K, 0% used [0x0000000787180000,0x0000000787180000,0x0000000787980000)
 ParOldGen       total 72704K, used 5768K [0x0000000701c00000, 0x0000000706300000, 0x0000000780980000)
  object space 72704K, 7% used [0x0000000701c00000,0x00000007021a2340,0x0000000706300000)
 Metaspace       used 23011K, capacity 23848K, committed 24192K, reserved 1071104K
  class space    used 3132K, capacity 3335K, committed 3456K, reserved 1048576K
Event: 1.395 GC heap after
Heap after GC invocations=5 (full 1):
 PSYoungGen      total 86016K, used 5041K [0x0000000780980000, 0x0000000787680000, 0x00000007c0000000)
  eden space 80896K, 0% used [0x0000000780980000,0x0000000780980000,0x0000000785880000)
  from space 5120K, 98% used [0x0000000787180000,0x000000078766c418,0x0000000787680000)
  to   space 8192K, 0% used [0x0000000786680000,0x0000000786680000,0x0000000786e80000)
 ParOldGen       total 72704K, used 5776K [0x0000000701c00000, 0x0000000706300000, 0x0000000780980000)
  object space 72704K, 7% used [0x0000000701c00000,0x00000007021a4340,0x0000000706300000)
 Metaspace       used 23011K, capacity 23848K, committed 24192K, reserved 1071104K
  class space    used 3132K, capacity 3335K, committed 3456K, reserved 1048576K
}
Event: 2.007 GC heap before
{Heap before GC invocations=6 (full 1):
 PSYoungGen      total 86016K, used 85937K [0x0000000780980000, 0x0000000787680000, 0x00000007c0000000)
  eden space 80896K, 100% used [0x0000000780980000,0x0000000785880000,0x0000000785880000)
  from space 5120K, 98% used [0x0000000787180000,0x000000078766c418,0x0000000787680000)
  to   space 8192K, 0% used [0x0000000786680000,0x0000000786680000,0x0000000786e80000)
 ParOldGen       total 72704K, used 5776K [0x0000000701c00000, 0x0000000706300000, 0x0000000780980000)
  object space 72704K, 7% used [0x0000000701c00000,0x00000007021a4340,0x0000000706300000)
 Metaspace       used 29306K, capacity 30868K, committed 30976K, reserved 1075200K
  class space    used 3969K, capacity 4270K, committed 4352K, reserved 1048576K
Event: 2.016 GC heap after
Heap after GC invocations=6 (full 1):
 PSYoungGen      total 103424K, used 8189K [0x0000000780980000, 0x000000078a380000, 0x00000007c0000000)
  eden space 95232K, 0% used [0x0000000780980000,0x0000000780980000,0x0000000786680000)
  from space 8192K, 99% used [0x0000000786680000,0x0000000786e7f748,0x0000000786e80000)
  to   space 13824K, 0% used [0x0000000789600000,0x0000000789600000,0x000000078a380000)
 ParOldGen       total 72704K, used 9532K [0x0000000701c00000, 0x0000000706300000, 0x0000000780980000)
  object space 72704K, 13% used [0x0000000701c00000,0x000000070254f0e8,0x0000000706300000)
 Metaspace       used 29306K, capacity 30868K, committed 30976K, reserved 1075200K
  class space    used 3969K, capacity 4270K, committed 4352K, reserved 1048576K
}
Event: 6.256 GC heap before
{Heap before GC invocations=7 (full 1):
 PSYoungGen      total 103424K, used 103421K [0x0000000780980000, 0x000000078a380000, 0x00000007c0000000)
  eden space 95232K, 100% used [0x0000000780980000,0x0000000786680000,0x0000000786680000)
  from space 8192K, 99% used [0x0000000786680000,0x0000000786e7f748,0x0000000786e80000)
  to   space 13824K, 0% used [0x0000000789600000,0x0000000789600000,0x000000078a380000)
 ParOldGen       total 72704K, used 9532K [0x0000000701c00000, 0x0000000706300000, 0x0000000780980000)
  object space 72704K, 13% used [0x0000000701c00000,0x000000070254f0e8,0x0000000706300000)
 Metaspace       used 31188K, capacity 32936K, committed 33024K, reserved 1077248K
  class space    used 4241K, capacity 4556K, committed 4608K, reserved 1048576K
Event: 6.267 GC heap after
Heap after GC invocations=7 (full 1):
 PSYoungGen      total 140800K, used 13798K [0x0000000780980000, 0x000000078ba00000, 0x00000007c0000000)
  eden space 126976K, 0% used [0x0000000780980000,0x0000000780980000,0x0000000788580000)
  from space 13824K, 99% used [0x0000000789600000,0x000000078a3799e0,0x000000078a380000)
  to   space 16896K, 0% used [0x0000000788580000,0x0000000788580000,0x0000000789600000)
 ParOldGen       total 72704K, used 10700K [0x0000000701c00000, 0x0000000706300000, 0x0000000780980000)
  object space 72704K, 14% used [0x0000000701c00000,0x00000007026733e0,0x0000000706300000)
 Metaspace       used 31188K, capacity 32936K, committed 33024K, reserved 1077248K
  class space    used 4241K, capacity 4556K, committed 4608K, reserved 1048576K
}

