# JRE version: Java(TM) SE Runtime Environment (8.0_212-b10) (build 1.8.0_212-b10)
# Java VM: Java HotSpot(TM) 64-Bit Server VM (25.212-b10 mixed mode windows-amd64 compressed oops)
Heap:
 PSYoungGen      total 145920K, used 53343K [0x0000000780980000, 0x000000078bd00000, 0x00000007c0000000)
  eden space 132096K, 29% used [0x0000000780980000,0x000000078301b5c8,0x0000000788a80000)
  from space 13824K, 99% used [0x0000000789b00000,0x000000078a87c9b0,0x000000078a880000)
  to   space 16896K, 0% used [0x0000000788a80000,0x0000000788a80000,0x0000000789b00000)
 ParOldGen       total 71680K, used 10181K [0x0000000701c00000, 0x0000000706200000, 0x0000000780980000)
  object space 71680K, 14% used [0x0000000701c00000,0x00000007025f1778,0x0000000706200000)
 Metaspace       used 31576K, capacity 33412K, committed 33664K, reserved 1079296K
  class space    used 4292K, capacity 4666K, committed 4736K, reserved 1048576K
GC Heap History (10 events):
Event: 1.057 GC heap before
{Heap before GC invocations=3 (full 0):
 PSYoungGen      total 57344K, used 16566K [0x0000000780980000, 0x0000000787980000, 0x00000007c0000000)
  eden space 49152K, 17% used [0x0000000780980000,0x00000007811b34c0,0x0000000783980000)
  from space 8192K, 99% used [0x0000000784180000,0x000000078497a6f8,0x0000000784980000)
  to   space 8192K, 0% used [0x0000000783980000,0x0000000783980000,0x0000000784180000)
 ParOldGen       total 131072K, used 2086K [0x0000000701c00000, 0x0000000709c00000, 0x0000000780980000)
  object space 131072K, 1% used [0x0000000701c00000,0x0000000701e09ab0,0x0000000709c00000)
 Metaspace       used 20653K, capacity 21194K, committed 21296K, reserved 1067008K
  class space    used 2788K, capacity 2932K, committed 2944K, reserved 1048576K
Event: 1.061 GC heap after
Heap after GC invocations=3 (full 0):
 PSYoungGen      total 57344K, used 5786K [0x0000000780980000, 0x0000000787980000, 0x00000007c0000000)
  eden space 49152K, 0% used [0x0000000780980000,0x0000000780980000,0x0000000783980000)
  from space 8192K, 70% used [0x0000000783980000,0x0000000783f26810,0x0000000784180000)
  to   space 8192K, 0% used [0x0000000787180000,0x0000000787180000,0x0000000787980000)
 ParOldGen       total 131072K, used 2158K [0x0000000701c00000, 0x0000000709c00000, 0x0000000780980000)
  object space 131072K, 1% used [0x0000000701c00000,0x0000000701e1bac0,0x0000000709c00000)
 Metaspace       used 20653K, capacity 21194K, committed 21296K, reserved 1067008K
  class space    used 2788K, capacity 2932K, committed 2944K, reserved 1048576K
}
Event: 1.061 GC heap before
{Heap before GC invocations=4 (full 1):
 PSYoungGen      total 57344K, used 5786K [0x0000000780980000, 0x0000000787980000, 0x00000007c0000000)
  eden space 49152K, 0% used [0x0000000780980000,0x0000000780980000,0x0000000783980000)
  from space 8192K, 70% used [0x0000000783980000,0x0000000783f26810,0x0000000784180000)
  to   space 8192K, 0% used [0x0000000787180000,0x0000000787180000,0x0000000787980000)
 ParOldGen       total 131072K, used 2158K [0x0000000701c00000, 0x0000000709c00000, 0x0000000780980000)
  object space 131072K, 1% used [0x0000000701c00000,0x0000000701e1bac0,0x0000000709c00000)
 Metaspace       used 20653K, capacity 21194K, committed 21296K, reserved 1067008K
  class space    used 2788K, capacity 2932K, committed 2944K, reserved 1048576K
Event: 1.082 GC heap after
Heap after GC invocations=4 (full 1):
 PSYoungGen      total 57344K, used 0K [0x0000000780980000, 0x0000000787980000, 0x00000007c0000000)
  eden space 49152K, 0% used [0x0000000780980000,0x0000000780980000,0x0000000783980000)
  from space 8192K, 0% used [0x0000000783980000,0x0000000783980000,0x0000000784180000)
  to   space 8192K, 0% used [0x0000000787180000,0x0000000787180000,0x0000000787980000)
 ParOldGen       total 71680K, used 5687K [0x0000000701c00000, 0x0000000706200000, 0x0000000780980000)
  object space 71680K, 7% used [0x0000000701c00000,0x000000070218dd28,0x0000000706200000)
 Metaspace       used 20652K, capacity 21188K, committed 21296K, reserved 1067008K
  class space    used 2787K, capacity 2931K, committed 2944K, reserved 1048576K
}
Event: 1.363 GC heap before
{Heap before GC invocations=5 (full 1):
 PSYoungGen      total 57344K, used 49152K [0x0000000780980000, 0x0000000787980000, 0x00000007c0000000)
  eden space 49152K, 100% used [0x0000000780980000,0x0000000783980000,0x0000000783980000)
  from space 8192K, 0% used [0x0000000783980000,0x0000000783980000,0x0000000784180000)
  to   space 8192K, 0% used [0x0000000787180000,0x0000000787180000,0x0000000787980000)
 ParOldGen       total 71680K, used 5687K [0x0000000701c00000, 0x0000000706200000, 0x0000000780980000)
  object space 71680K, 7% used [0x0000000701c00000,0x000000070218dd28,0x0000000706200000)
 Metaspace       used 23036K, capacity 23848K, committed 24192K, reserved 1071104K
  class space    used 3135K, capacity 3335K, committed 3456K, reserved 1048576K
Event: 1.367 GC heap after
Heap after GC invocations=5 (full 1):
 PSYoungGen      total 88064K, used 5133K [0x0000000780980000, 0x0000000787700000, 0x00000007c0000000)
  eden space 82432K, 0% used [0x0000000780980000,0x0000000780980000,0x0000000785a00000)
  from space 5632K, 91% used [0x0000000787180000,0x00000007876837b0,0x0000000787700000)
  to   space 8192K, 0% used [0x0000000786700000,0x0000000786700000,0x0000000786f00000)
 ParOldGen       total 71680K, used 5695K [0x0000000701c00000, 0x0000000706200000, 0x0000000780980000)
  object space 71680K, 7% used [0x0000000701c00000,0x000000070218fd28,0x0000000706200000)
 Metaspace       used 23036K, capacity 23848K, committed 24192K, reserved 1071104K
  class space    used 3135K, capacity 3335K, committed 3456K, reserved 1048576K
}
Event: 1.984 GC heap before
{Heap before GC invocations=6 (full 1):
 PSYoungGen      total 88064K, used 87565K [0x0000000780980000, 0x0000000787700000, 0x00000007c0000000)
  eden space 82432K, 100% used [0x0000000780980000,0x0000000785a00000,0x0000000785a00000)
  from space 5632K, 91% used [0x0000000787180000,0x00000007876837b0,0x0000000787700000)
  to   space 8192K, 0% used [0x0000000786700000,0x0000000786700000,0x0000000786f00000)
 ParOldGen       total 71680K, used 5695K [0x0000000701c00000, 0x0000000706200000, 0x0000000780980000)
  object space 71680K, 7% used [0x0000000701c00000,0x000000070218fd28,0x0000000706200000)
 Metaspace       used 29391K, capacity 30980K, committed 31232K, reserved 1077248K
  class space    used 3977K, capacity 4304K, committed 4352K, reserved 1048576K
Event: 1.993 GC heap after
Heap after GC invocations=6 (full 1):
 PSYoungGen      total 103936K, used 8169K [0x0000000780980000, 0x000000078a880000, 0x00000007c0000000)
  eden space 95744K, 0% used [0x0000000780980000,0x0000000780980000,0x0000000786700000)
  from space 8192K, 99% used [0x0000000786700000,0x0000000786efa4b8,0x0000000786f00000)
  to   space 13824K, 0% used [0x0000000789b00000,0x0000000789b00000,0x000000078a880000)
 ParOldGen       total 71680K, used 9574K [0x0000000701c00000, 0x0000000706200000, 0x0000000780980000)
  object space 71680K, 13% used [0x0000000701c00000,0x0000000702559b08,0x0000000706200000)
 Metaspace       used 29391K, capacity 30980K, committed 31232K, reserved 1077248K
  class space    used 3977K, capacity 4304K, committed 4352K, reserved 1048576K
}
Event: 17.642 GC heap before
{Heap before GC invocations=7 (full 1):
 PSYoungGen      total 103936K, used 103913K [0x0000000780980000, 0x000000078a880000, 0x00000007c0000000)
  eden space 95744K, 100% used [0x0000000780980000,0x0000000786700000,0x0000000786700000)
  from space 8192K, 99% used [0x0000000786700000,0x0000000786efa4b8,0x0000000786f00000)
  to   space 13824K, 0% used [0x0000000789b00000,0x0000000789b00000,0x000000078a880000)
 ParOldGen       total 71680K, used 9574K [0x0000000701c00000, 0x0000000706200000, 0x0000000780980000)
  object space 71680K, 13% used [0x0000000701c00000,0x0000000702559b08,0x0000000706200000)
 Metaspace       used 31215K, capacity 32978K, committed 33024K, reserved 1077248K
  class space    used 4242K, capacity 4589K, committed 4608K, reserved 1048576K
Event: 17.653 GC heap after
Heap after GC invocations=7 (full 1):
 PSYoungGen      total 145920K, used 13810K [0x0000000780980000, 0x000000078bd00000, 0x00000007c0000000)
  eden space 132096K, 0% used [0x0000000780980000,0x0000000780980000,0x0000000788a80000)
  from space 13824K, 99% used [0x0000000789b00000,0x000000078a87c9b0,0x000000078a880000)
  to   space 16896K, 0% used [0x0000000788a80000,0x0000000788a80000,0x0000000789b00000)
 ParOldGen       total 71680K, used 10181K [0x0000000701c00000, 0x0000000706200000, 0x0000000780980000)
  object space 71680K, 14% used [0x0000000701c00000,0x00000007025f1778,0x0000000706200000)
 Metaspace       used 31215K, capacity 32978K, committed 33024K, reserved 1077248K
  class space    used 4242K, capacity 4589K, committed 4608K, reserved 1048576K
}

