# JRE version: Java(TM) SE Runtime Environment (8.0_212-b10) (build 1.8.0_212-b10)
# Java VM: Java HotSpot(TM) 64-Bit Server VM (25.212-b10 mixed mode windows-amd64 compressed oops)
Heap:
 PSYoungGen      total 134144K, used 49677K [0x0000000780980000, 0x000000078b680000, 0x00000007c0000000)
  eden space 120320K, 29% used [0x0000000780980000,0x0000000782c85d28,0x0000000787f00000)
  from space 13824K, 99% used [0x0000000788f80000,0x0000000789cfd9d0,0x0000000789d00000)
  to   space 16896K, 0% used [0x0000000787f00000,0x0000000787f00000,0x0000000788f80000)
 ParOldGen       total 74752K, used 10645K [0x0000000701c00000, 0x0000000706500000, 0x0000000780980000)
  object space 74752K, 14% used [0x0000000701c00000,0x0000000702665508,0x0000000706500000)
 Metaspace       used 31502K, capacity 33230K, committed 33408K, reserved 1077248K
  class space    used 4291K, capacity 4633K, committed 4736K, reserved 1048576K
GC Heap History (10 events):
Event: 1.234 GC heap before
{Heap before GC invocations=3 (full 0):
 PSYoungGen      total 57344K, used 16841K [0x0000000780980000, 0x0000000787980000, 0x00000007c0000000)
  eden space 49152K, 17% used [0x0000000780980000,0x00000007811f60f8,0x0000000783980000)
  from space 8192K, 99% used [0x0000000784180000,0x000000078497c508,0x0000000784980000)
  to   space 8192K, 0% used [0x0000000783980000,0x0000000783980000,0x0000000784180000)
 ParOldGen       total 131072K, used 2002K [0x0000000701c00000, 0x0000000709c00000, 0x0000000780980000)
  object space 131072K, 1% used [0x0000000701c00000,0x0000000701df4ad0,0x0000000709c00000)
 Metaspace       used 20681K, capacity 21258K, committed 21296K, reserved 1067008K
  class space    used 2791K, capacity 2932K, committed 2944K, reserved 1048576K
Event: 1.238 GC heap after
Heap after GC invocations=3 (full 0):
 PSYoungGen      total 57344K, used 5849K [0x0000000780980000, 0x0000000787980000, 0x00000007c0000000)
  eden space 49152K, 0% used [0x0000000780980000,0x0000000780980000,0x0000000783980000)
  from space 8192K, 71% used [0x0000000783980000,0x0000000783f366e0,0x0000000784180000)
  to   space 8192K, 0% used [0x0000000787180000,0x0000000787180000,0x0000000787980000)
 ParOldGen       total 131072K, used 2074K [0x0000000701c00000, 0x0000000709c00000, 0x0000000780980000)
  object space 131072K, 1% used [0x0000000701c00000,0x0000000701e06ae0,0x0000000709c00000)
 Metaspace       used 20681K, capacity 21258K, committed 21296K, reserved 1067008K
  class space    used 2791K, capacity 2932K, committed 2944K, reserved 1048576K
}
Event: 1.238 GC heap before
{Heap before GC invocations=4 (full 1):
 PSYoungGen      total 57344K, used 5849K [0x0000000780980000, 0x0000000787980000, 0x00000007c0000000)
  eden space 49152K, 0% used [0x0000000780980000,0x0000000780980000,0x0000000783980000)
  from space 8192K, 71% used [0x0000000783980000,0x0000000783f366e0,0x0000000784180000)
  to   space 8192K, 0% used [0x0000000787180000,0x0000000787180000,0x0000000787980000)
 ParOldGen       total 131072K, used 2074K [0x0000000701c00000, 0x0000000709c00000, 0x0000000780980000)
  object space 131072K, 1% used [0x0000000701c00000,0x0000000701e06ae0,0x0000000709c00000)
 Metaspace       used 20681K, capacity 21258K, committed 21296K, reserved 1067008K
  class space    used 2791K, capacity 2932K, committed 2944K, reserved 1048576K
Event: 1.264 GC heap after
Heap after GC invocations=4 (full 1):
 PSYoungGen      total 57344K, used 0K [0x0000000780980000, 0x0000000787980000, 0x00000007c0000000)
  eden space 49152K, 0% used [0x0000000780980000,0x0000000780980000,0x0000000783980000)
  from space 8192K, 0% used [0x0000000783980000,0x0000000783980000,0x0000000784180000)
  to   space 8192K, 0% used [0x0000000787180000,0x0000000787180000,0x0000000787980000)
 ParOldGen       total 74752K, used 5735K [0x0000000701c00000, 0x0000000706500000, 0x0000000780980000)
  object space 74752K, 7% used [0x0000000701c00000,0x0000000702199e78,0x0000000706500000)
 Metaspace       used 20680K, capacity 21252K, committed 21296K, reserved 1067008K
  class space    used 2791K, capacity 2931K, committed 2944K, reserved 1048576K
}
Event: 1.687 GC heap before
{Heap before GC invocations=5 (full 1):
 PSYoungGen      total 57344K, used 49152K [0x0000000780980000, 0x0000000787980000, 0x00000007c0000000)
  eden space 49152K, 100% used [0x0000000780980000,0x0000000783980000,0x0000000783980000)
  from space 8192K, 0% used [0x0000000783980000,0x0000000783980000,0x0000000784180000)
  to   space 8192K, 0% used [0x0000000787180000,0x0000000787180000,0x0000000787980000)
 ParOldGen       total 74752K, used 5735K [0x0000000701c00000, 0x0000000706500000, 0x0000000780980000)
  object space 74752K, 7% used [0x0000000701c00000,0x0000000702199e78,0x0000000706500000)
 Metaspace       used 22973K, capacity 23844K, committed 24192K, reserved 1071104K
  class space    used 3129K, capacity 3335K, committed 3456K, reserved 1048576K
Event: 1.691 GC heap after
Heap after GC invocations=5 (full 1):
 PSYoungGen      total 83968K, used 5078K [0x0000000780980000, 0x0000000787680000, 0x00000007c0000000)
  eden space 78848K, 0% used [0x0000000780980000,0x0000000780980000,0x0000000785680000)
  from space 5120K, 99% used [0x0000000787180000,0x00000007876758b8,0x0000000787680000)
  to   space 8192K, 0% used [0x0000000786680000,0x0000000786680000,0x0000000786e80000)
 ParOldGen       total 74752K, used 5743K [0x0000000701c00000, 0x0000000706500000, 0x0000000780980000)
  object space 74752K, 7% used [0x0000000701c00000,0x000000070219be78,0x0000000706500000)
 Metaspace       used 22973K, capacity 23844K, committed 24192K, reserved 1071104K
  class space    used 3129K, capacity 3335K, committed 3456K, reserved 1048576K
}
Event: 2.410 GC heap before
{Heap before GC invocations=6 (full 1):
 PSYoungGen      total 83968K, used 83926K [0x0000000780980000, 0x0000000787680000, 0x00000007c0000000)
  eden space 78848K, 100% used [0x0000000780980000,0x0000000785680000,0x0000000785680000)
  from space 5120K, 99% used [0x0000000787180000,0x00000007876758b8,0x0000000787680000)
  to   space 8192K, 0% used [0x0000000786680000,0x0000000786680000,0x0000000786e80000)
 ParOldGen       total 74752K, used 5743K [0x0000000701c00000, 0x0000000706500000, 0x0000000780980000)
  object space 74752K, 7% used [0x0000000701c00000,0x000000070219be78,0x0000000706500000)
 Metaspace       used 29292K, capacity 30834K, committed 30976K, reserved 1075200K
  class space    used 3976K, capacity 4267K, committed 4352K, reserved 1048576K
Event: 2.419 GC heap after
Heap after GC invocations=6 (full 1):
 PSYoungGen      total 103424K, used 8177K [0x0000000780980000, 0x0000000789d00000, 0x00000007c0000000)
  eden space 95232K, 0% used [0x0000000780980000,0x0000000780980000,0x0000000786680000)
  from space 8192K, 99% used [0x0000000786680000,0x0000000786e7c598,0x0000000786e80000)
  to   space 13824K, 0% used [0x0000000788f80000,0x0000000788f80000,0x0000000789d00000)
 ParOldGen       total 74752K, used 9147K [0x0000000701c00000, 0x0000000706500000, 0x0000000780980000)
  object space 74752K, 12% used [0x0000000701c00000,0x00000007024eedc0,0x0000000706500000)
 Metaspace       used 29292K, capacity 30834K, committed 30976K, reserved 1075200K
  class space    used 3976K, capacity 4267K, committed 4352K, reserved 1048576K
}
Event: 5.241 GC heap before
{Heap before GC invocations=7 (full 1):
 PSYoungGen      total 103424K, used 103409K [0x0000000780980000, 0x0000000789d00000, 0x00000007c0000000)
  eden space 95232K, 100% used [0x0000000780980000,0x0000000786680000,0x0000000786680000)
  from space 8192K, 99% used [0x0000000786680000,0x0000000786e7c598,0x0000000786e80000)
  to   space 13824K, 0% used [0x0000000788f80000,0x0000000788f80000,0x0000000789d00000)
 ParOldGen       total 74752K, used 9147K [0x0000000701c00000, 0x0000000706500000, 0x0000000780980000)
  object space 74752K, 12% used [0x0000000701c00000,0x00000007024eedc0,0x0000000706500000)
 Metaspace       used 31144K, capacity 32860K, committed 33024K, reserved 1077248K
  class space    used 4241K, capacity 4556K, committed 4608K, reserved 1048576K
Event: 5.257 GC heap after
Heap after GC invocations=7 (full 1):
 PSYoungGen      total 134144K, used 13814K [0x0000000780980000, 0x000000078b680000, 0x00000007c0000000)
  eden space 120320K, 0% used [0x0000000780980000,0x0000000780980000,0x0000000787f00000)
  from space 13824K, 99% used [0x0000000788f80000,0x0000000789cfd9d0,0x0000000789d00000)
  to   space 16896K, 0% used [0x0000000787f00000,0x0000000787f00000,0x0000000788f80000)
 ParOldGen       total 74752K, used 10645K [0x0000000701c00000, 0x0000000706500000, 0x0000000780980000)
  object space 74752K, 14% used [0x0000000701c00000,0x0000000702665508,0x0000000706500000)
 Metaspace       used 31144K, capacity 32860K, committed 33024K, reserved 1077248K
  class space    used 4241K, capacity 4556K, committed 4608K, reserved 1048576K
}

