# JRE version: Java(TM) SE Runtime Environment (8.0_212-b10) (build 1.8.0_212-b10)
# Java VM: Java HotSpot(TM) 64-Bit Server VM (25.212-b10 mixed mode windows-amd64 compressed oops)
Heap:
 PSYoungGen      total 144896K, used 45527K [0x0000000780980000, 0x000000078c000000, 0x00000007c0000000)
  eden space 131072K, 24% used [0x0000000780980000,0x000000078287b0e8,0x0000000788980000)
  from space 13824K, 99% used [0x0000000789a80000,0x000000078a7fae88,0x000000078a800000)
  to   space 17408K, 0% used [0x0000000788980000,0x0000000788980000,0x0000000789a80000)
 ParOldGen       total 71168K, used 11315K [0x0000000701c00000, 0x0000000706180000, 0x0000000780980000)
  object space 71168K, 15% used [0x0000000701c00000,0x000000070270cdc8,0x0000000706180000)
 Metaspace       used 31567K, capacity 33410K, committed 33664K, reserved 1079296K
  class space    used 4290K, capacity 4665K, committed 4736K, reserved 1048576K
GC Heap History (10 events):
Event: 1.122 GC heap before
{Heap before GC invocations=3 (full 0):
 PSYoungGen      total 57344K, used 17229K [0x0000000780980000, 0x0000000787980000, 0x00000007c0000000)
  eden space 49152K, 18% used [0x0000000780980000,0x0000000781253e60,0x0000000783980000)
  from space 8192K, 99% used [0x0000000784180000,0x000000078497f818,0x0000000784980000)
  to   space 8192K, 0% used [0x0000000783980000,0x0000000783980000,0x0000000784180000)
 ParOldGen       total 131072K, used 1996K [0x0000000701c00000, 0x0000000709c00000, 0x0000000780980000)
  object space 131072K, 1% used [0x0000000701c00000,0x0000000701df3310,0x0000000709c00000)
 Metaspace       used 20679K, capacity 21202K, committed 21296K, reserved 1067008K
  class space    used 2788K, capacity 2932K, committed 2944K, reserved 1048576K
Event: 1.127 GC heap after
Heap after GC invocations=3 (full 0):
 PSYoungGen      total 57344K, used 5903K [0x0000000780980000, 0x0000000787980000, 0x00000007c0000000)
  eden space 49152K, 0% used [0x0000000780980000,0x0000000780980000,0x0000000783980000)
  from space 8192K, 72% used [0x0000000783980000,0x0000000783f43d70,0x0000000784180000)
  to   space 8192K, 0% used [0x0000000787180000,0x0000000787180000,0x0000000787980000)
 ParOldGen       total 131072K, used 2068K [0x0000000701c00000, 0x0000000709c00000, 0x0000000780980000)
  object space 131072K, 1% used [0x0000000701c00000,0x0000000701e05320,0x0000000709c00000)
 Metaspace       used 20679K, capacity 21202K, committed 21296K, reserved 1067008K
  class space    used 2788K, capacity 2932K, committed 2944K, reserved 1048576K
}
Event: 1.127 GC heap before
{Heap before GC invocations=4 (full 1):
 PSYoungGen      total 57344K, used 5903K [0x0000000780980000, 0x0000000787980000, 0x00000007c0000000)
  eden space 49152K, 0% used [0x0000000780980000,0x0000000780980000,0x0000000783980000)
  from space 8192K, 72% used [0x0000000783980000,0x0000000783f43d70,0x0000000784180000)
  to   space 8192K, 0% used [0x0000000787180000,0x0000000787180000,0x0000000787980000)
 ParOldGen       total 131072K, used 2068K [0x0000000701c00000, 0x0000000709c00000, 0x0000000780980000)
  object space 131072K, 1% used [0x0000000701c00000,0x0000000701e05320,0x0000000709c00000)
 Metaspace       used 20679K, capacity 21202K, committed 21296K, reserved 1067008K
  class space    used 2788K, capacity 2932K, committed 2944K, reserved 1048576K
Event: 1.151 GC heap after
Heap after GC invocations=4 (full 1):
 PSYoungGen      total 57344K, used 0K [0x0000000780980000, 0x0000000787980000, 0x00000007c0000000)
  eden space 49152K, 0% used [0x0000000780980000,0x0000000780980000,0x0000000783980000)
  from space 8192K, 0% used [0x0000000783980000,0x0000000783980000,0x0000000784180000)
  to   space 8192K, 0% used [0x0000000787180000,0x0000000787180000,0x0000000787980000)
 ParOldGen       total 71168K, used 5744K [0x0000000701c00000, 0x0000000706180000, 0x0000000780980000)
  object space 71168K, 8% used [0x0000000701c00000,0x000000070219c0e8,0x0000000706180000)
 Metaspace       used 20677K, capacity 21196K, committed 21296K, reserved 1067008K
  class space    used 2787K, capacity 2931K, committed 2944K, reserved 1048576K
}
Event: 1.482 GC heap before
{Heap before GC invocations=5 (full 1):
 PSYoungGen      total 57344K, used 49152K [0x0000000780980000, 0x0000000787980000, 0x00000007c0000000)
  eden space 49152K, 100% used [0x0000000780980000,0x0000000783980000,0x0000000783980000)
  from space 8192K, 0% used [0x0000000783980000,0x0000000783980000,0x0000000784180000)
  to   space 8192K, 0% used [0x0000000787180000,0x0000000787180000,0x0000000787980000)
 ParOldGen       total 71168K, used 5744K [0x0000000701c00000, 0x0000000706180000, 0x0000000780980000)
  object space 71168K, 8% used [0x0000000701c00000,0x000000070219c0e8,0x0000000706180000)
 Metaspace       used 23045K, capacity 23920K, committed 24192K, reserved 1071104K
  class space    used 3134K, capacity 3335K, committed 3456K, reserved 1048576K
Event: 1.486 GC heap after
Heap after GC invocations=5 (full 1):
 PSYoungGen      total 88064K, used 5129K [0x0000000780980000, 0x0000000787700000, 0x00000007c0000000)
  eden space 82432K, 0% used [0x0000000780980000,0x0000000780980000,0x0000000785a00000)
  from space 5632K, 91% used [0x0000000787180000,0x00000007876825e8,0x0000000787700000)
  to   space 8192K, 0% used [0x0000000786700000,0x0000000786700000,0x0000000786f00000)
 ParOldGen       total 71168K, used 5752K [0x0000000701c00000, 0x0000000706180000, 0x0000000780980000)
  object space 71168K, 8% used [0x0000000701c00000,0x000000070219e0e8,0x0000000706180000)
 Metaspace       used 23045K, capacity 23920K, committed 24192K, reserved 1071104K
  class space    used 3134K, capacity 3335K, committed 3456K, reserved 1048576K
}
Event: 2.188 GC heap before
{Heap before GC invocations=6 (full 1):
 PSYoungGen      total 88064K, used 87561K [0x0000000780980000, 0x0000000787700000, 0x00000007c0000000)
  eden space 82432K, 100% used [0x0000000780980000,0x0000000785a00000,0x0000000785a00000)
  from space 5632K, 91% used [0x0000000787180000,0x00000007876825e8,0x0000000787700000)
  to   space 8192K, 0% used [0x0000000786700000,0x0000000786700000,0x0000000786f00000)
 ParOldGen       total 71168K, used 5752K [0x0000000701c00000, 0x0000000706180000, 0x0000000780980000)
  object space 71168K, 8% used [0x0000000701c00000,0x000000070219e0e8,0x0000000706180000)
 Metaspace       used 29390K, capacity 30984K, committed 31232K, reserved 1077248K
  class space    used 3976K, capacity 4304K, committed 4352K, reserved 1048576K
Event: 2.196 GC heap after
Heap after GC invocations=6 (full 1):
 PSYoungGen      total 103936K, used 8183K [0x0000000780980000, 0x000000078a800000, 0x00000007c0000000)
  eden space 95744K, 0% used [0x0000000780980000,0x0000000780980000,0x0000000786700000)
  from space 8192K, 99% used [0x0000000786700000,0x0000000786efdf50,0x0000000786f00000)
  to   space 13824K, 0% used [0x0000000789a80000,0x0000000789a80000,0x000000078a800000)
 ParOldGen       total 71168K, used 9542K [0x0000000701c00000, 0x0000000706180000, 0x0000000780980000)
  object space 71168K, 13% used [0x0000000701c00000,0x0000000702551a20,0x0000000706180000)
 Metaspace       used 29390K, capacity 30984K, committed 31232K, reserved 1077248K
  class space    used 3976K, capacity 4304K, committed 4352K, reserved 1048576K
}
Event: 2.947 GC heap before
{Heap before GC invocations=7 (full 1):
 PSYoungGen      total 103936K, used 103927K [0x0000000780980000, 0x000000078a800000, 0x00000007c0000000)
  eden space 95744K, 100% used [0x0000000780980000,0x0000000786700000,0x0000000786700000)
  from space 8192K, 99% used [0x0000000786700000,0x0000000786efdf50,0x0000000786f00000)
  to   space 13824K, 0% used [0x0000000789a80000,0x0000000789a80000,0x000000078a800000)
 ParOldGen       total 71168K, used 9542K [0x0000000701c00000, 0x0000000706180000, 0x0000000780980000)
  object space 71168K, 13% used [0x0000000701c00000,0x0000000702551a20,0x0000000706180000)
 Metaspace       used 30805K, capacity 32548K, committed 32768K, reserved 1077248K
  class space    used 4173K, capacity 4504K, committed 4608K, reserved 1048576K
Event: 2.958 GC heap after
Heap after GC invocations=7 (full 1):
 PSYoungGen      total 144896K, used 13803K [0x0000000780980000, 0x000000078c000000, 0x00000007c0000000)
  eden space 131072K, 0% used [0x0000000780980000,0x0000000780980000,0x0000000788980000)
  from space 13824K, 99% used [0x0000000789a80000,0x000000078a7fae88,0x000000078a800000)
  to   space 17408K, 0% used [0x0000000788980000,0x0000000788980000,0x0000000789a80000)
 ParOldGen       total 71168K, used 11315K [0x0000000701c00000, 0x0000000706180000, 0x0000000780980000)
  object space 71168K, 15% used [0x0000000701c00000,0x000000070270cdc8,0x0000000706180000)
 Metaspace       used 30805K, capacity 32548K, committed 32768K, reserved 1077248K
  class space    used 4173K, capacity 4504K, committed 4608K, reserved 1048576K
}

