# JRE version: Java(TM) SE Runtime Environment (8.0_212-b10) (build 1.8.0_212-b10)
# Java VM: Java HotSpot(TM) 64-Bit Server VM (25.212-b10 mixed mode windows-amd64 compressed oops)
Heap:
 PSYoungGen      total 148992K, used 42249K [0x0000000780980000, 0x000000078c180000, 0x00000007c0000000)
  eden space 135168K, 21% used [0x0000000780980000,0x0000000782542878,0x0000000788d80000)
  from space 13824K, 99% used [0x0000000789e00000,0x000000078ab7fe78,0x000000078ab80000)
  to   space 16896K, 0% used [0x0000000788d80000,0x0000000788d80000,0x0000000789e00000)
 ParOldGen       total 70656K, used 11075K [0x0000000701c00000, 0x0000000706100000, 0x0000000780980000)
  object space 70656K, 15% used [0x0000000701c00000,0x00000007026d0df0,0x0000000706100000)
 Metaspace       used 31506K, capacity 33300K, committed 33408K, reserved 1077248K
  class space    used 4286K, capacity 4632K, committed 4736K, reserved 1048576K
GC Heap History (10 events):
Event: 1.253 GC heap before
{Heap before GC invocations=3 (full 0):
 PSYoungGen      total 57344K, used 17437K [0x0000000780980000, 0x0000000787980000, 0x00000007c0000000)
  eden space 49152K, 18% used [0x0000000780980000,0x00000007812886c0,0x0000000783980000)
  from space 8192K, 99% used [0x0000000784180000,0x000000078497ed40,0x0000000784980000)
  to   space 8192K, 0% used [0x0000000783980000,0x0000000783980000,0x0000000784180000)
 ParOldGen       total 131072K, used 2016K [0x0000000701c00000, 0x0000000709c00000, 0x0000000780980000)
  object space 131072K, 1% used [0x0000000701c00000,0x0000000701df81a0,0x0000000709c00000)
 Metaspace       used 20701K, capacity 21288K, committed 21296K, reserved 1067008K
  class space    used 2790K, capacity 2937K, committed 2944K, reserved 1048576K
Event: 1.258 GC heap after
Heap after GC invocations=3 (full 0):
 PSYoungGen      total 57344K, used 5940K [0x0000000780980000, 0x0000000787980000, 0x00000007c0000000)
  eden space 49152K, 0% used [0x0000000780980000,0x0000000780980000,0x0000000783980000)
  from space 8192K, 72% used [0x0000000783980000,0x0000000783f4d150,0x0000000784180000)
  to   space 8192K, 0% used [0x0000000787180000,0x0000000787180000,0x0000000787980000)
 ParOldGen       total 131072K, used 2088K [0x0000000701c00000, 0x0000000709c00000, 0x0000000780980000)
  object space 131072K, 1% used [0x0000000701c00000,0x0000000701e0a1b0,0x0000000709c00000)
 Metaspace       used 20701K, capacity 21288K, committed 21296K, reserved 1067008K
  class space    used 2790K, capacity 2937K, committed 2944K, reserved 1048576K
}
Event: 1.258 GC heap before
{Heap before GC invocations=4 (full 1):
 PSYoungGen      total 57344K, used 5940K [0x0000000780980000, 0x0000000787980000, 0x00000007c0000000)
  eden space 49152K, 0% used [0x0000000780980000,0x0000000780980000,0x0000000783980000)
  from space 8192K, 72% used [0x0000000783980000,0x0000000783f4d150,0x0000000784180000)
  to   space 8192K, 0% used [0x0000000787180000,0x0000000787180000,0x0000000787980000)
 ParOldGen       total 131072K, used 2088K [0x0000000701c00000, 0x0000000709c00000, 0x0000000780980000)
  object space 131072K, 1% used [0x0000000701c00000,0x0000000701e0a1b0,0x0000000709c00000)
 Metaspace       used 20701K, capacity 21288K, committed 21296K, reserved 1067008K
  class space    used 2790K, capacity 2937K, committed 2944K, reserved 1048576K
Event: 1.279 GC heap after
Heap after GC invocations=4 (full 1):
 PSYoungGen      total 57344K, used 0K [0x0000000780980000, 0x0000000787980000, 0x00000007c0000000)
  eden space 49152K, 0% used [0x0000000780980000,0x0000000780980000,0x0000000783980000)
  from space 8192K, 0% used [0x0000000783980000,0x0000000783980000,0x0000000784180000)
  to   space 8192K, 0% used [0x0000000787180000,0x0000000787180000,0x0000000787980000)
 ParOldGen       total 70656K, used 5796K [0x0000000701c00000, 0x0000000706100000, 0x0000000780980000)
  object space 70656K, 8% used [0x0000000701c00000,0x00000007021a9358,0x0000000706100000)
 Metaspace       used 20699K, capacity 21282K, committed 21296K, reserved 1067008K
  class space    used 2789K, capacity 2936K, committed 2944K, reserved 1048576K
}
Event: 1.580 GC heap before
{Heap before GC invocations=5 (full 1):
 PSYoungGen      total 57344K, used 49152K [0x0000000780980000, 0x0000000787980000, 0x00000007c0000000)
  eden space 49152K, 100% used [0x0000000780980000,0x0000000783980000,0x0000000783980000)
  from space 8192K, 0% used [0x0000000783980000,0x0000000783980000,0x0000000784180000)
  to   space 8192K, 0% used [0x0000000787180000,0x0000000787180000,0x0000000787980000)
 ParOldGen       total 70656K, used 5796K [0x0000000701c00000, 0x0000000706100000, 0x0000000780980000)
  object space 70656K, 8% used [0x0000000701c00000,0x00000007021a9358,0x0000000706100000)
 Metaspace       used 22991K, capacity 23852K, committed 24192K, reserved 1071104K
  class space    used 3128K, capacity 3335K, committed 3456K, reserved 1048576K
Event: 1.583 GC heap after
Heap after GC invocations=5 (full 1):
 PSYoungGen      total 88576K, used 5082K [0x0000000780980000, 0x0000000787680000, 0x00000007c0000000)
  eden space 83456K, 0% used [0x0000000780980000,0x0000000780980000,0x0000000785b00000)
  from space 5120K, 99% used [0x0000000787180000,0x0000000787676b98,0x0000000787680000)
  to   space 8192K, 0% used [0x0000000786680000,0x0000000786680000,0x0000000786e80000)
 ParOldGen       total 70656K, used 5804K [0x0000000701c00000, 0x0000000706100000, 0x0000000780980000)
  object space 70656K, 8% used [0x0000000701c00000,0x00000007021ab358,0x0000000706100000)
 Metaspace       used 22991K, capacity 23852K, committed 24192K, reserved 1071104K
  class space    used 3128K, capacity 3335K, committed 3456K, reserved 1048576K
}
Event: 2.242 GC heap before
{Heap before GC invocations=6 (full 1):
 PSYoungGen      total 88576K, used 88538K [0x0000000780980000, 0x0000000787680000, 0x00000007c0000000)
  eden space 83456K, 100% used [0x0000000780980000,0x0000000785b00000,0x0000000785b00000)
  from space 5120K, 99% used [0x0000000787180000,0x0000000787676b98,0x0000000787680000)
  to   space 8192K, 0% used [0x0000000786680000,0x0000000786680000,0x0000000786e80000)
 ParOldGen       total 70656K, used 5804K [0x0000000701c00000, 0x0000000706100000, 0x0000000780980000)
  object space 70656K, 8% used [0x0000000701c00000,0x00000007021ab358,0x0000000706100000)
 Metaspace       used 29467K, capacity 31126K, committed 31232K, reserved 1077248K
  class space    used 3992K, capacity 4309K, committed 4352K, reserved 1048576K
Event: 2.250 GC heap after
Heap after GC invocations=6 (full 1):
 PSYoungGen      total 103424K, used 8164K [0x0000000780980000, 0x000000078ab80000, 0x00000007c0000000)
  eden space 95232K, 0% used [0x0000000780980000,0x0000000780980000,0x0000000786680000)
  from space 8192K, 99% used [0x0000000786680000,0x0000000786e790a8,0x0000000786e80000)
  to   space 13824K, 0% used [0x0000000789e00000,0x0000000789e00000,0x000000078ab80000)
 ParOldGen       total 70656K, used 9514K [0x0000000701c00000, 0x0000000706100000, 0x0000000780980000)
  object space 70656K, 13% used [0x0000000701c00000,0x000000070254a8f8,0x0000000706100000)
 Metaspace       used 29467K, capacity 31126K, committed 31232K, reserved 1077248K
  class space    used 3992K, capacity 4309K, committed 4352K, reserved 1048576K
}
Event: 2.875 GC heap before
{Heap before GC invocations=7 (full 1):
 PSYoungGen      total 103424K, used 103396K [0x0000000780980000, 0x000000078ab80000, 0x00000007c0000000)
  eden space 95232K, 100% used [0x0000000780980000,0x0000000786680000,0x0000000786680000)
  from space 8192K, 99% used [0x0000000786680000,0x0000000786e790a8,0x0000000786e80000)
  to   space 13824K, 0% used [0x0000000789e00000,0x0000000789e00000,0x000000078ab80000)
 ParOldGen       total 70656K, used 9514K [0x0000000701c00000, 0x0000000706100000, 0x0000000780980000)
  object space 70656K, 13% used [0x0000000701c00000,0x000000070254a8f8,0x0000000706100000)
 Metaspace       used 31144K, capacity 32866K, committed 33024K, reserved 1077248K
  class space    used 4235K, capacity 4555K, committed 4608K, reserved 1048576K
Event: 2.884 GC heap after
Heap after GC invocations=7 (full 1):
 PSYoungGen      total 148992K, used 13823K [0x0000000780980000, 0x000000078c180000, 0x00000007c0000000)
  eden space 135168K, 0% used [0x0000000780980000,0x0000000780980000,0x0000000788d80000)
  from space 13824K, 99% used [0x0000000789e00000,0x000000078ab7fe78,0x000000078ab80000)
  to   space 16896K, 0% used [0x0000000788d80000,0x0000000788d80000,0x0000000789e00000)
 ParOldGen       total 70656K, used 11075K [0x0000000701c00000, 0x0000000706100000, 0x0000000780980000)
  object space 70656K, 15% used [0x0000000701c00000,0x00000007026d0df0,0x0000000706100000)
 Metaspace       used 31144K, capacity 32866K, committed 33024K, reserved 1077248K
  class space    used 4235K, capacity 4555K, committed 4608K, reserved 1048576K
}

