# JRE version: Java(TM) SE Runtime Environment (8.0_212-b10) (build 1.8.0_212-b10)
# Java VM: Java HotSpot(TM) 64-Bit Server VM (25.212-b10 mixed mode windows-amd64 compressed oops)
Heap:
 PSYoungGen      total 141824K, used 55912K [0x0000000780980000, 0x000000078ba80000, 0x00000007c0000000)
  eden space 128000K, 32% used [0x0000000780980000,0x000000078329be10,0x0000000788680000)
  from space 13824K, 99% used [0x0000000789700000,0x000000078a47e4f8,0x000000078a480000)
  to   space 16896K, 0% used [0x0000000788680000,0x0000000788680000,0x0000000789700000)
 ParOldGen       total 72704K, used 10350K [0x0000000701c00000, 0x0000000706300000, 0x0000000780980000)
  object space 72704K, 14% used [0x0000000701c00000,0x000000070261bb18,0x0000000706300000)
 Metaspace       used 31790K, capacity 33604K, committed 33920K, reserved 1079296K
  class space    used 4318K, capacity 4666K, committed 4736K, reserved 1048576K
GC Heap History (10 events):
Event: 1.062 GC heap before
{Heap before GC invocations=3 (full 0):
 PSYoungGen      total 57344K, used 16610K [0x0000000780980000, 0x0000000787980000, 0x00000007c0000000)
  eden space 49152K, 17% used [0x0000000780980000,0x00000007811b90d0,0x0000000783980000)
  from space 8192K, 99% used [0x0000000784180000,0x000000078497f998,0x0000000784980000)
  to   space 8192K, 0% used [0x0000000783980000,0x0000000783980000,0x0000000784180000)
 ParOldGen       total 131072K, used 2018K [0x0000000701c00000, 0x0000000709c00000, 0x0000000780980000)
  object space 131072K, 1% used [0x0000000701c00000,0x0000000701df8bb0,0x0000000709c00000)
 Metaspace       used 20656K, capacity 21202K, committed 21296K, reserved 1067008K
  class space    used 2788K, capacity 2932K, committed 2944K, reserved 1048576K
Event: 1.066 GC heap after
Heap after GC invocations=3 (full 0):
 PSYoungGen      total 57344K, used 5859K [0x0000000780980000, 0x0000000787980000, 0x00000007c0000000)
  eden space 49152K, 0% used [0x0000000780980000,0x0000000780980000,0x0000000783980000)
  from space 8192K, 71% used [0x0000000783980000,0x0000000783f38cb0,0x0000000784180000)
  to   space 8192K, 0% used [0x0000000787180000,0x0000000787180000,0x0000000787980000)
 ParOldGen       total 131072K, used 2090K [0x0000000701c00000, 0x0000000709c00000, 0x0000000780980000)
  object space 131072K, 1% used [0x0000000701c00000,0x0000000701e0abc0,0x0000000709c00000)
 Metaspace       used 20656K, capacity 21202K, committed 21296K, reserved 1067008K
  class space    used 2788K, capacity 2932K, committed 2944K, reserved 1048576K
}
Event: 1.066 GC heap before
{Heap before GC invocations=4 (full 1):
 PSYoungGen      total 57344K, used 5859K [0x0000000780980000, 0x0000000787980000, 0x00000007c0000000)
  eden space 49152K, 0% used [0x0000000780980000,0x0000000780980000,0x0000000783980000)
  from space 8192K, 71% used [0x0000000783980000,0x0000000783f38cb0,0x0000000784180000)
  to   space 8192K, 0% used [0x0000000787180000,0x0000000787180000,0x0000000787980000)
 ParOldGen       total 131072K, used 2090K [0x0000000701c00000, 0x0000000709c00000, 0x0000000780980000)
  object space 131072K, 1% used [0x0000000701c00000,0x0000000701e0abc0,0x0000000709c00000)
 Metaspace       used 20656K, capacity 21202K, committed 21296K, reserved 1067008K
  class space    used 2788K, capacity 2932K, committed 2944K, reserved 1048576K
Event: 1.088 GC heap after
Heap after GC invocations=4 (full 1):
 PSYoungGen      total 57344K, used 0K [0x0000000780980000, 0x0000000787980000, 0x00000007c0000000)
  eden space 49152K, 0% used [0x0000000780980000,0x0000000780980000,0x0000000783980000)
  from space 8192K, 0% used [0x0000000783980000,0x0000000783980000,0x0000000784180000)
  to   space 8192K, 0% used [0x0000000787180000,0x0000000787180000,0x0000000787980000)
 ParOldGen       total 72704K, used 5737K [0x0000000701c00000, 0x0000000706300000, 0x0000000780980000)
  object space 72704K, 7% used [0x0000000701c00000,0x000000070219a4d0,0x0000000706300000)
 Metaspace       used 20654K, capacity 21196K, committed 21296K, reserved 1067008K
  class space    used 2787K, capacity 2931K, committed 2944K, reserved 1048576K
}
Event: 1.378 GC heap before
{Heap before GC invocations=5 (full 1):
 PSYoungGen      total 57344K, used 49152K [0x0000000780980000, 0x0000000787980000, 0x00000007c0000000)
  eden space 49152K, 100% used [0x0000000780980000,0x0000000783980000,0x0000000783980000)
  from space 8192K, 0% used [0x0000000783980000,0x0000000783980000,0x0000000784180000)
  to   space 8192K, 0% used [0x0000000787180000,0x0000000787180000,0x0000000787980000)
 ParOldGen       total 72704K, used 5737K [0x0000000701c00000, 0x0000000706300000, 0x0000000780980000)
  object space 72704K, 7% used [0x0000000701c00000,0x000000070219a4d0,0x0000000706300000)
 Metaspace       used 23036K, capacity 23916K, committed 24192K, reserved 1071104K
  class space    used 3135K, capacity 3335K, committed 3456K, reserved 1048576K
Event: 1.382 GC heap after
Heap after GC invocations=5 (full 1):
 PSYoungGen      total 87040K, used 5136K [0x0000000780980000, 0x0000000787700000, 0x00000007c0000000)
  eden space 81408K, 0% used [0x0000000780980000,0x0000000780980000,0x0000000785900000)
  from space 5632K, 91% used [0x0000000787180000,0x0000000787684250,0x0000000787700000)
  to   space 8192K, 0% used [0x0000000786700000,0x0000000786700000,0x0000000786f00000)
 ParOldGen       total 72704K, used 5745K [0x0000000701c00000, 0x0000000706300000, 0x0000000780980000)
  object space 72704K, 7% used [0x0000000701c00000,0x000000070219c4d0,0x0000000706300000)
 Metaspace       used 23036K, capacity 23916K, committed 24192K, reserved 1071104K
  class space    used 3135K, capacity 3335K, committed 3456K, reserved 1048576K
}
Event: 2.025 GC heap before
{Heap before GC invocations=6 (full 1):
 PSYoungGen      total 87040K, used 86544K [0x0000000780980000, 0x0000000787700000, 0x00000007c0000000)
  eden space 81408K, 100% used [0x0000000780980000,0x0000000785900000,0x0000000785900000)
  from space 5632K, 91% used [0x0000000787180000,0x0000000787684250,0x0000000787700000)
  to   space 8192K, 0% used [0x0000000786700000,0x0000000786700000,0x0000000786f00000)
 ParOldGen       total 72704K, used 5745K [0x0000000701c00000, 0x0000000706300000, 0x0000000780980000)
  object space 72704K, 7% used [0x0000000701c00000,0x000000070219c4d0,0x0000000706300000)
 Metaspace       used 29330K, capacity 30936K, committed 31232K, reserved 1077248K
  class space    used 3969K, capacity 4270K, committed 4352K, reserved 1048576K
Event: 2.032 GC heap after
Heap after GC invocations=6 (full 1):
 PSYoungGen      total 103936K, used 8168K [0x0000000780980000, 0x000000078a480000, 0x00000007c0000000)
  eden space 95744K, 0% used [0x0000000780980000,0x0000000780980000,0x0000000786700000)
  from space 8192K, 99% used [0x0000000786700000,0x0000000786efa0a8,0x0000000786f00000)
  to   space 13824K, 0% used [0x0000000789700000,0x0000000789700000,0x000000078a480000)
 ParOldGen       total 72704K, used 9578K [0x0000000701c00000, 0x0000000706300000, 0x0000000780980000)
  object space 72704K, 13% used [0x0000000701c00000,0x000000070255a850,0x0000000706300000)
 Metaspace       used 29330K, capacity 30936K, committed 31232K, reserved 1077248K
  class space    used 3969K, capacity 4270K, committed 4352K, reserved 1048576K
}
Event: 21.759 GC heap before
{Heap before GC invocations=7 (full 1):
 PSYoungGen      total 103936K, used 103912K [0x0000000780980000, 0x000000078a480000, 0x00000007c0000000)
  eden space 95744K, 100% used [0x0000000780980000,0x0000000786700000,0x0000000786700000)
  from space 8192K, 99% used [0x0000000786700000,0x0000000786efa0a8,0x0000000786f00000)
  to   space 13824K, 0% used [0x0000000789700000,0x0000000789700000,0x000000078a480000)
 ParOldGen       total 72704K, used 9578K [0x0000000701c00000, 0x0000000706300000, 0x0000000780980000)
  object space 72704K, 13% used [0x0000000701c00000,0x000000070255a850,0x0000000706300000)
 Metaspace       used 31727K, capacity 33516K, committed 33664K, reserved 1079296K
  class space    used 4309K, capacity 4662K, committed 4736K, reserved 1048576K
Event: 21.767 GC heap after
Heap after GC invocations=7 (full 1):
 PSYoungGen      total 141824K, used 13817K [0x0000000780980000, 0x000000078ba80000, 0x00000007c0000000)
  eden space 128000K, 0% used [0x0000000780980000,0x0000000780980000,0x0000000788680000)
  from space 13824K, 99% used [0x0000000789700000,0x000000078a47e4f8,0x000000078a480000)
  to   space 16896K, 0% used [0x0000000788680000,0x0000000788680000,0x0000000789700000)
 ParOldGen       total 72704K, used 10350K [0x0000000701c00000, 0x0000000706300000, 0x0000000780980000)
  object space 72704K, 14% used [0x0000000701c00000,0x000000070261bb18,0x0000000706300000)
 Metaspace       used 31727K, capacity 33516K, committed 33664K, reserved 1079296K
  class space    used 4309K, capacity 4662K, committed 4736K, reserved 1048576K
}

