# JRE version: Java(TM) SE Runtime Environment (8.0_212-b10) (build 1.8.0_212-b10)
# Java VM: Java HotSpot(TM) 64-Bit Server VM (25.212-b10 mixed mode windows-amd64 compressed oops)
Heap:
 PSYoungGen      total 103424K, used 37019K [0x0000000780980000, 0x000000078a100000, 0x00000007c0000000)
  eden space 95232K, 30% used [0x0000000780980000,0x00000007825ab6b8,0x0000000786680000)
  from space 8192K, 99% used [0x0000000786680000,0x0000000786e7b8b0,0x0000000786e80000)
  to   space 13824K, 0% used [0x0000000789380000,0x0000000789380000,0x000000078a100000)
 ParOldGen       total 73728K, used 9444K [0x0000000701c00000, 0x0000000706400000, 0x0000000780980000)
  object space 73728K, 12% used [0x0000000701c00000,0x00000007025391b0,0x0000000706400000)
 Metaspace       used 31335K, capacity 33050K, committed 33280K, reserved 1077248K
  class space    used 4262K, capacity 4595K, committed 4608K, reserved 1048576K
GC Heap History (10 events):
Event: 1.025 GC heap before
{Heap before GC invocations=2 (full 0):
 PSYoungGen      total 57344K, used 56405K [0x0000000780980000, 0x0000000784980000, 0x00000007c0000000)
  eden space 49152K, 100% used [0x0000000780980000,0x0000000783980000,0x0000000783980000)
  from space 8192K, 88% used [0x0000000783980000,0x00000007840954c0,0x0000000784180000)
  to   space 8192K, 0% used [0x0000000784180000,0x0000000784180000,0x0000000784980000)
 ParOldGen       total 131072K, used 16K [0x0000000701c00000, 0x0000000709c00000, 0x0000000780980000)
  object space 131072K, 0% used [0x0000000701c00000,0x0000000701c04000,0x0000000709c00000)
 Metaspace       used 19374K, capacity 19970K, committed 20224K, reserved 1067008K
  class space    used 2618K, capacity 2800K, committed 2816K, reserved 1048576K
Event: 1.033 GC heap after
Heap after GC invocations=2 (full 0):
 PSYoungGen      total 57344K, used 8163K [0x0000000780980000, 0x0000000787980000, 0x00000007c0000000)
  eden space 49152K, 0% used [0x0000000780980000,0x0000000780980000,0x0000000783980000)
  from space 8192K, 99% used [0x0000000784180000,0x0000000784978e88,0x0000000784980000)
  to   space 8192K, 0% used [0x0000000783980000,0x0000000783980000,0x0000000784180000)
 ParOldGen       total 131072K, used 1935K [0x0000000701c00000, 0x0000000709c00000, 0x0000000780980000)
  object space 131072K, 1% used [0x0000000701c00000,0x0000000701de3cc8,0x0000000709c00000)
 Metaspace       used 19374K, capacity 19970K, committed 20224K, reserved 1067008K
  class space    used 2618K, capacity 2800K, committed 2816K, reserved 1048576K
}
Event: 1.065 GC heap before
{Heap before GC invocations=3 (full 0):
 PSYoungGen      total 57344K, used 15847K [0x0000000780980000, 0x0000000787980000, 0x00000007c0000000)
  eden space 49152K, 15% used [0x0000000780980000,0x0000000781100fd8,0x0000000783980000)
  from space 8192K, 99% used [0x0000000784180000,0x0000000784978e88,0x0000000784980000)
  to   space 8192K, 0% used [0x0000000783980000,0x0000000783980000,0x0000000784180000)
 ParOldGen       total 131072K, used 1935K [0x0000000701c00000, 0x0000000709c00000, 0x0000000780980000)
  object space 131072K, 1% used [0x0000000701c00000,0x0000000701de3cc8,0x0000000709c00000)
 Metaspace       used 20701K, capacity 21280K, committed 21296K, reserved 1067008K
  class space    used 2788K, capacity 2935K, committed 2944K, reserved 1048576K
Event: 1.068 GC heap after
Heap after GC invocations=3 (full 0):
 PSYoungGen      total 57344K, used 5828K [0x0000000780980000, 0x0000000787980000, 0x00000007c0000000)
  eden space 49152K, 0% used [0x0000000780980000,0x0000000780980000,0x0000000783980000)
  from space 8192K, 71% used [0x0000000783980000,0x0000000783f31160,0x0000000784180000)
  to   space 8192K, 0% used [0x0000000787180000,0x0000000787180000,0x0000000787980000)
 ParOldGen       total 131072K, used 2007K [0x0000000701c00000, 0x0000000709c00000, 0x0000000780980000)
  object space 131072K, 1% used [0x0000000701c00000,0x0000000701df5cd8,0x0000000709c00000)
 Metaspace       used 20701K, capacity 21280K, committed 21296K, reserved 1067008K
  class space    used 2788K, capacity 2935K, committed 2944K, reserved 1048576K
}
Event: 1.068 GC heap before
{Heap before GC invocations=4 (full 1):
 PSYoungGen      total 57344K, used 5828K [0x0000000780980000, 0x0000000787980000, 0x00000007c0000000)
  eden space 49152K, 0% used [0x0000000780980000,0x0000000780980000,0x0000000783980000)
  from space 8192K, 71% used [0x0000000783980000,0x0000000783f31160,0x0000000784180000)
  to   space 8192K, 0% used [0x0000000787180000,0x0000000787180000,0x0000000787980000)
 ParOldGen       total 131072K, used 2007K [0x0000000701c00000, 0x0000000709c00000, 0x0000000780980000)
  object space 131072K, 1% used [0x0000000701c00000,0x0000000701df5cd8,0x0000000709c00000)
 Metaspace       used 20701K, capacity 21280K, committed 21296K, reserved 1067008K
  class space    used 2788K, capacity 2935K, committed 2944K, reserved 1048576K
Event: 1.093 GC heap after
Heap after GC invocations=4 (full 1):
 PSYoungGen      total 57344K, used 0K [0x0000000780980000, 0x0000000787980000, 0x00000007c0000000)
  eden space 49152K, 0% used [0x0000000780980000,0x0000000780980000,0x0000000783980000)
  from space 8192K, 0% used [0x0000000783980000,0x0000000783980000,0x0000000784180000)
  to   space 8192K, 0% used [0x0000000787180000,0x0000000787180000,0x0000000787980000)
 ParOldGen       total 73728K, used 5692K [0x0000000701c00000, 0x0000000706400000, 0x0000000780980000)
  object space 73728K, 7% used [0x0000000701c00000,0x000000070218f260,0x0000000706400000)
 Metaspace       used 20700K, capacity 21274K, committed 21296K, reserved 1067008K
  class space    used 2787K, capacity 2934K, committed 2944K, reserved 1048576K
}
Event: 1.385 GC heap before
{Heap before GC invocations=5 (full 1):
 PSYoungGen      total 57344K, used 49152K [0x0000000780980000, 0x0000000787980000, 0x00000007c0000000)
  eden space 49152K, 100% used [0x0000000780980000,0x0000000783980000,0x0000000783980000)
  from space 8192K, 0% used [0x0000000783980000,0x0000000783980000,0x0000000784180000)
  to   space 8192K, 0% used [0x0000000787180000,0x0000000787180000,0x0000000787980000)
 ParOldGen       total 73728K, used 5692K [0x0000000701c00000, 0x0000000706400000, 0x0000000780980000)
  object space 73728K, 7% used [0x0000000701c00000,0x000000070218f260,0x0000000706400000)
 Metaspace       used 22923K, capacity 23788K, committed 23936K, reserved 1069056K
  class space    used 3110K, capacity 3335K, committed 3456K, reserved 1048576K
Event: 1.388 GC heap after
Heap after GC invocations=5 (full 1):
 PSYoungGen      total 85504K, used 5084K [0x0000000780980000, 0x0000000787680000, 0x00000007c0000000)
  eden space 80384K, 0% used [0x0000000780980000,0x0000000780980000,0x0000000785800000)
  from space 5120K, 99% used [0x0000000787180000,0x00000007876772f0,0x0000000787680000)
  to   space 8192K, 0% used [0x0000000786680000,0x0000000786680000,0x0000000786e80000)
 ParOldGen       total 73728K, used 5700K [0x0000000701c00000, 0x0000000706400000, 0x0000000780980000)
  object space 73728K, 7% used [0x0000000701c00000,0x0000000702191260,0x0000000706400000)
 Metaspace       used 22923K, capacity 23788K, committed 23936K, reserved 1069056K
  class space    used 3110K, capacity 3335K, committed 3456K, reserved 1048576K
}
Event: 1.995 GC heap before
{Heap before GC invocations=6 (full 1):
 PSYoungGen      total 85504K, used 85468K [0x0000000780980000, 0x0000000787680000, 0x00000007c0000000)
  eden space 80384K, 100% used [0x0000000780980000,0x0000000785800000,0x0000000785800000)
  from space 5120K, 99% used [0x0000000787180000,0x00000007876772f0,0x0000000787680000)
  to   space 8192K, 0% used [0x0000000786680000,0x0000000786680000,0x0000000786e80000)
 ParOldGen       total 73728K, used 5700K [0x0000000701c00000, 0x0000000706400000, 0x0000000780980000)
  object space 73728K, 7% used [0x0000000701c00000,0x0000000702191260,0x0000000706400000)
 Metaspace       used 29255K, capacity 30860K, committed 30976K, reserved 1075200K
  class space    used 3956K, capacity 4268K, committed 4352K, reserved 1048576K
Event: 2.003 GC heap after
Heap after GC invocations=6 (full 1):
 PSYoungGen      total 103424K, used 8174K [0x0000000780980000, 0x000000078a100000, 0x00000007c0000000)
  eden space 95232K, 0% used [0x0000000780980000,0x0000000780980000,0x0000000786680000)
  from space 8192K, 99% used [0x0000000786680000,0x0000000786e7b8b0,0x0000000786e80000)
  to   space 13824K, 0% used [0x0000000789380000,0x0000000789380000,0x000000078a100000)
 ParOldGen       total 73728K, used 9444K [0x0000000701c00000, 0x0000000706400000, 0x0000000780980000)
  object space 73728K, 12% used [0x0000000701c00000,0x00000007025391b0,0x0000000706400000)
 Metaspace       used 29255K, capacity 30860K, committed 30976K, reserved 1075200K
  class space    used 3956K, capacity 4268K, committed 4352K, reserved 1048576K
}

