# JRE version: Java(TM) SE Runtime Environment (8.0_212-b10) (build 1.8.0_212-b10)
# Java VM: Java HotSpot(TM) 64-Bit Server VM (25.212-b10 mixed mode windows-amd64 compressed oops)
Heap:
 PSYoungGen      total 143360K, used 45212K [0x0000000780980000, 0x000000078be00000, 0x00000007c0000000)
  eden space 129536K, 24% used [0x0000000780980000,0x000000078282b268,0x0000000788800000)
  from space 13824K, 99% used [0x0000000789900000,0x000000078a67be88,0x000000078a680000)
  to   space 17408K, 0% used [0x0000000788800000,0x0000000788800000,0x0000000789900000)
 ParOldGen       total 71680K, used 11480K [0x0000000701c00000, 0x0000000706200000, 0x0000000780980000)
  object space 71680K, 16% used [0x0000000701c00000,0x0000000702736078,0x0000000706200000)
 Metaspace       used 31546K, capacity 33310K, committed 33664K, reserved 1079296K
  class space    used 4292K, capacity 4633K, committed 4736K, reserved 1048576K
GC Heap History (10 events):
Event: 1.117 GC heap before
{Heap before GC invocations=3 (full 0):
 PSYoungGen      total 57344K, used 16626K [0x0000000780980000, 0x0000000787980000, 0x00000007c0000000)
  eden space 49152K, 17% used [0x0000000780980000,0x00000007811c2188,0x0000000783980000)
  from space 8192K, 99% used [0x0000000784180000,0x000000078497a7e0,0x0000000784980000)
  to   space 8192K, 0% used [0x0000000783980000,0x0000000783980000,0x0000000784180000)
 ParOldGen       total 131072K, used 2071K [0x0000000701c00000, 0x0000000709c00000, 0x0000000780980000)
  object space 131072K, 1% used [0x0000000701c00000,0x0000000701e05d00,0x0000000709c00000)
 Metaspace       used 20686K, capacity 21198K, committed 21296K, reserved 1067008K
  class space    used 2791K, capacity 2932K, committed 2944K, reserved 1048576K
Event: 1.122 GC heap after
Heap after GC invocations=3 (full 0):
 PSYoungGen      total 57344K, used 5875K [0x0000000780980000, 0x0000000787980000, 0x00000007c0000000)
  eden space 49152K, 0% used [0x0000000780980000,0x0000000780980000,0x0000000783980000)
  from space 8192K, 71% used [0x0000000783980000,0x0000000783f3ccc0,0x0000000784180000)
  to   space 8192K, 0% used [0x0000000787180000,0x0000000787180000,0x0000000787980000)
 ParOldGen       total 131072K, used 2143K [0x0000000701c00000, 0x0000000709c00000, 0x0000000780980000)
  object space 131072K, 1% used [0x0000000701c00000,0x0000000701e17d10,0x0000000709c00000)
 Metaspace       used 20686K, capacity 21198K, committed 21296K, reserved 1067008K
  class space    used 2791K, capacity 2932K, committed 2944K, reserved 1048576K
}
Event: 1.122 GC heap before
{Heap before GC invocations=4 (full 1):
 PSYoungGen      total 57344K, used 5875K [0x0000000780980000, 0x0000000787980000, 0x00000007c0000000)
  eden space 49152K, 0% used [0x0000000780980000,0x0000000780980000,0x0000000783980000)
  from space 8192K, 71% used [0x0000000783980000,0x0000000783f3ccc0,0x0000000784180000)
  to   space 8192K, 0% used [0x0000000787180000,0x0000000787180000,0x0000000787980000)
 ParOldGen       total 131072K, used 2143K [0x0000000701c00000, 0x0000000709c00000, 0x0000000780980000)
  object space 131072K, 1% used [0x0000000701c00000,0x0000000701e17d10,0x0000000709c00000)
 Metaspace       used 20686K, capacity 21198K, committed 21296K, reserved 1067008K
  class space    used 2791K, capacity 2932K, committed 2944K, reserved 1048576K
Event: 1.146 GC heap after
Heap after GC invocations=4 (full 1):
 PSYoungGen      total 57344K, used 0K [0x0000000780980000, 0x0000000787980000, 0x00000007c0000000)
  eden space 49152K, 0% used [0x0000000780980000,0x0000000780980000,0x0000000783980000)
  from space 8192K, 0% used [0x0000000783980000,0x0000000783980000,0x0000000784180000)
  to   space 8192K, 0% used [0x0000000787180000,0x0000000787180000,0x0000000787980000)
 ParOldGen       total 71680K, used 5764K [0x0000000701c00000, 0x0000000706200000, 0x0000000780980000)
  object space 71680K, 8% used [0x0000000701c00000,0x00000007021a1310,0x0000000706200000)
 Metaspace       used 20684K, capacity 21192K, committed 21296K, reserved 1067008K
  class space    used 2791K, capacity 2931K, committed 2944K, reserved 1048576K
}
Event: 1.492 GC heap before
{Heap before GC invocations=5 (full 1):
 PSYoungGen      total 57344K, used 49152K [0x0000000780980000, 0x0000000787980000, 0x00000007c0000000)
  eden space 49152K, 100% used [0x0000000780980000,0x0000000783980000,0x0000000783980000)
  from space 8192K, 0% used [0x0000000783980000,0x0000000783980000,0x0000000784180000)
  to   space 8192K, 0% used [0x0000000787180000,0x0000000787180000,0x0000000787980000)
 ParOldGen       total 71680K, used 5764K [0x0000000701c00000, 0x0000000706200000, 0x0000000780980000)
  object space 71680K, 8% used [0x0000000701c00000,0x00000007021a1310,0x0000000706200000)
 Metaspace       used 22986K, capacity 23852K, committed 24192K, reserved 1071104K
  class space    used 3127K, capacity 3335K, committed 3456K, reserved 1048576K
Event: 1.496 GC heap after
Heap after GC invocations=5 (full 1):
 PSYoungGen      total 87040K, used 5087K [0x0000000780980000, 0x0000000787680000, 0x00000007c0000000)
  eden space 81920K, 0% used [0x0000000780980000,0x0000000780980000,0x0000000785980000)
  from space 5120K, 99% used [0x0000000787180000,0x0000000787677cc8,0x0000000787680000)
  to   space 8192K, 0% used [0x0000000786680000,0x0000000786680000,0x0000000786e80000)
 ParOldGen       total 71680K, used 5772K [0x0000000701c00000, 0x0000000706200000, 0x0000000780980000)
  object space 71680K, 8% used [0x0000000701c00000,0x00000007021a3310,0x0000000706200000)
 Metaspace       used 22986K, capacity 23852K, committed 24192K, reserved 1071104K
  class space    used 3127K, capacity 3335K, committed 3456K, reserved 1048576K
}
Event: 2.098 GC heap before
{Heap before GC invocations=6 (full 1):
 PSYoungGen      total 87040K, used 87007K [0x0000000780980000, 0x0000000787680000, 0x00000007c0000000)
  eden space 81920K, 100% used [0x0000000780980000,0x0000000785980000,0x0000000785980000)
  from space 5120K, 99% used [0x0000000787180000,0x0000000787677cc8,0x0000000787680000)
  to   space 8192K, 0% used [0x0000000786680000,0x0000000786680000,0x0000000786e80000)
 ParOldGen       total 71680K, used 5772K [0x0000000701c00000, 0x0000000706200000, 0x0000000780980000)
  object space 71680K, 8% used [0x0000000701c00000,0x00000007021a3310,0x0000000706200000)
 Metaspace       used 29318K, capacity 30936K, committed 31232K, reserved 1077248K
  class space    used 3971K, capacity 4270K, committed 4352K, reserved 1048576K
Event: 2.106 GC heap after
Heap after GC invocations=6 (full 1):
 PSYoungGen      total 103424K, used 8189K [0x0000000780980000, 0x000000078a680000, 0x00000007c0000000)
  eden space 95232K, 0% used [0x0000000780980000,0x0000000780980000,0x0000000786680000)
  from space 8192K, 99% used [0x0000000786680000,0x0000000786e7f748,0x0000000786e80000)
  to   space 13824K, 0% used [0x0000000789900000,0x0000000789900000,0x000000078a680000)
 ParOldGen       total 71680K, used 9672K [0x0000000701c00000, 0x0000000706200000, 0x0000000780980000)
  object space 71680K, 13% used [0x0000000701c00000,0x0000000702572190,0x0000000706200000)
 Metaspace       used 29318K, capacity 30936K, committed 31232K, reserved 1077248K
  class space    used 3971K, capacity 4270K, committed 4352K, reserved 1048576K
}
Event: 3.311 GC heap before
{Heap before GC invocations=7 (full 1):
 PSYoungGen      total 103424K, used 103421K [0x0000000780980000, 0x000000078a680000, 0x00000007c0000000)
  eden space 95232K, 100% used [0x0000000780980000,0x0000000786680000,0x0000000786680000)
  from space 8192K, 99% used [0x0000000786680000,0x0000000786e7f748,0x0000000786e80000)
  to   space 13824K, 0% used [0x0000000789900000,0x0000000789900000,0x000000078a680000)
 ParOldGen       total 71680K, used 9672K [0x0000000701c00000, 0x0000000706200000, 0x0000000780980000)
  object space 71680K, 13% used [0x0000000701c00000,0x0000000702572190,0x0000000706200000)
 Metaspace       used 30788K, capacity 32512K, committed 32640K, reserved 1077248K
  class space    used 4174K, capacity 4472K, committed 4480K, reserved 1048576K
Event: 3.324 GC heap after
Heap after GC invocations=7 (full 1):
 PSYoungGen      total 143360K, used 13807K [0x0000000780980000, 0x000000078be00000, 0x00000007c0000000)
  eden space 129536K, 0% used [0x0000000780980000,0x0000000780980000,0x0000000788800000)
  from space 13824K, 99% used [0x0000000789900000,0x000000078a67be88,0x000000078a680000)
  to   space 17408K, 0% used [0x0000000788800000,0x0000000788800000,0x0000000789900000)
 ParOldGen       total 71680K, used 11480K [0x0000000701c00000, 0x0000000706200000, 0x0000000780980000)
  object space 71680K, 16% used [0x0000000701c00000,0x0000000702736078,0x0000000706200000)
 Metaspace       used 30788K, capacity 32512K, committed 32640K, reserved 1077248K
  class space    used 4174K, capacity 4472K, committed 4480K, reserved 1048576K
}

