# JRE version: Java(TM) SE Runtime Environment (8.0_212-b10) (build 1.8.0_212-b10)
# Java VM: Java HotSpot(TM) 64-Bit Server VM (25.212-b10 mixed mode windows-amd64 compressed oops)
Heap:
 PSYoungGen      total 179200K, used 70695K [0x0000000780980000, 0x000000078ca80000, 0x00000007c0000000)
  eden space 165888K, 34% used [0x0000000780980000,0x000000078418a458,0x000000078ab80000)
  from space 13312K, 99% used [0x000000078bd80000,0x000000078ca7f8d0,0x000000078ca80000)
  to   space 15872K, 0% used [0x000000078ab80000,0x000000078ab80000,0x000000078bb00000)
 ParOldGen       total 68608K, used 9340K [0x0000000701c00000, 0x0000000705f00000, 0x0000000780980000)
  object space 68608K, 13% used [0x0000000701c00000,0x000000070251f180,0x0000000705f00000)
 Metaspace       used 31558K, capacity 33360K, committed 33664K, reserved 1079296K
  class space    used 4292K, capacity 4632K, committed 4736K, reserved 1048576K
GC Heap History (10 events):
Event: 1.041 GC heap before
{Heap before GC invocations=3 (full 0):
 PSYoungGen      total 57344K, used 17163K [0x0000000780980000, 0x0000000787980000, 0x00000007c0000000)
  eden space 49152K, 18% used [0x0000000780980000,0x00000007812483a0,0x0000000783980000)
  from space 8192K, 99% used [0x0000000784180000,0x000000078497a878,0x0000000784980000)
  to   space 8192K, 0% used [0x0000000783980000,0x0000000783980000,0x0000000784180000)
 ParOldGen       total 131072K, used 1999K [0x0000000701c00000, 0x0000000709c00000, 0x0000000780980000)
  object space 131072K, 1% used [0x0000000701c00000,0x0000000701df3fc8,0x0000000709c00000)
 Metaspace       used 20700K, capacity 21354K, committed 21504K, reserved 1067008K
  class space    used 2794K, capacity 2964K, committed 3072K, reserved 1048576K
Event: 1.046 GC heap after
Heap after GC invocations=3 (full 0):
 PSYoungGen      total 57344K, used 5946K [0x0000000780980000, 0x0000000787980000, 0x00000007c0000000)
  eden space 49152K, 0% used [0x0000000780980000,0x0000000780980000,0x0000000783980000)
  from space 8192K, 72% used [0x0000000783980000,0x0000000783f4eac0,0x0000000784180000)
  to   space 8192K, 0% used [0x0000000787180000,0x0000000787180000,0x0000000787980000)
 ParOldGen       total 131072K, used 2071K [0x0000000701c00000, 0x0000000709c00000, 0x0000000780980000)
  object space 131072K, 1% used [0x0000000701c00000,0x0000000701e05fd8,0x0000000709c00000)
 Metaspace       used 20700K, capacity 21354K, committed 21504K, reserved 1067008K
  class space    used 2794K, capacity 2964K, committed 3072K, reserved 1048576K
}
Event: 1.071 GC heap before
{Heap before GC invocations=4 (full 0):
 PSYoungGen      total 57344K, used 10896K [0x0000000780980000, 0x0000000787980000, 0x00000007c0000000)
  eden space 49152K, 10% used [0x0000000780980000,0x0000000780e557d0,0x0000000783980000)
  from space 8192K, 72% used [0x0000000783980000,0x0000000783f4eac0,0x0000000784180000)
  to   space 8192K, 0% used [0x0000000787180000,0x0000000787180000,0x0000000787980000)
 ParOldGen       total 131072K, used 2071K [0x0000000701c00000, 0x0000000709c00000, 0x0000000780980000)
  object space 131072K, 1% used [0x0000000701c00000,0x0000000701e05fd8,0x0000000709c00000)
 Metaspace       used 20971K, capacity 21568K, committed 21628K, reserved 1069056K
  class space    used 2829K, capacity 3021K, committed 3072K, reserved 1048576K
Event: 1.076 GC heap after
Heap after GC invocations=4 (full 0):
 PSYoungGen      total 106496K, used 5756K [0x0000000780980000, 0x0000000787980000, 0x00000007c0000000)
  eden space 98304K, 0% used [0x0000000780980000,0x0000000780980000,0x0000000786980000)
  from space 8192K, 70% used [0x0000000787180000,0x000000078771f320,0x0000000787980000)
  to   space 8192K, 0% used [0x0000000786980000,0x0000000786980000,0x0000000787180000)
 ParOldGen       total 131072K, used 2079K [0x0000000701c00000, 0x0000000709c00000, 0x0000000780980000)
  object space 131072K, 1% used [0x0000000701c00000,0x0000000701e07fd8,0x0000000709c00000)
 Metaspace       used 20971K, capacity 21568K, committed 21628K, reserved 1069056K
  class space    used 2829K, capacity 3021K, committed 3072K, reserved 1048576K
}
Event: 1.076 GC heap before
{Heap before GC invocations=5 (full 1):
 PSYoungGen      total 106496K, used 5756K [0x0000000780980000, 0x0000000787980000, 0x00000007c0000000)
  eden space 98304K, 0% used [0x0000000780980000,0x0000000780980000,0x0000000786980000)
  from space 8192K, 70% used [0x0000000787180000,0x000000078771f320,0x0000000787980000)
  to   space 8192K, 0% used [0x0000000786980000,0x0000000786980000,0x0000000787180000)
 ParOldGen       total 131072K, used 2079K [0x0000000701c00000, 0x0000000709c00000, 0x0000000780980000)
  object space 131072K, 1% used [0x0000000701c00000,0x0000000701e07fd8,0x0000000709c00000)
 Metaspace       used 20971K, capacity 21568K, committed 21628K, reserved 1069056K
  class space    used 2829K, capacity 3021K, committed 3072K, reserved 1048576K
Event: 1.099 GC heap after
Heap after GC invocations=5 (full 1):
 PSYoungGen      total 106496K, used 0K [0x0000000780980000, 0x0000000787980000, 0x00000007c0000000)
  eden space 98304K, 0% used [0x0000000780980000,0x0000000780980000,0x0000000786980000)
  from space 8192K, 0% used [0x0000000787180000,0x0000000787180000,0x0000000787980000)
  to   space 8192K, 0% used [0x0000000786980000,0x0000000786980000,0x0000000787180000)
 ParOldGen       total 68608K, used 5634K [0x0000000701c00000, 0x0000000705f00000, 0x0000000780980000)
  object space 68608K, 8% used [0x0000000701c00000,0x0000000702180b38,0x0000000705f00000)
 Metaspace       used 20970K, capacity 21562K, committed 21628K, reserved 1069056K
  class space    used 2829K, capacity 3020K, committed 3072K, reserved 1048576K
}
Event: 1.837 GC heap before
{Heap before GC invocations=6 (full 1):
 PSYoungGen      total 106496K, used 98304K [0x0000000780980000, 0x0000000787980000, 0x00000007c0000000)
  eden space 98304K, 100% used [0x0000000780980000,0x0000000786980000,0x0000000786980000)
  from space 8192K, 0% used [0x0000000787180000,0x0000000787180000,0x0000000787980000)
  to   space 8192K, 0% used [0x0000000786980000,0x0000000786980000,0x0000000787180000)
 ParOldGen       total 68608K, used 5634K [0x0000000701c00000, 0x0000000705f00000, 0x0000000780980000)
  object space 68608K, 8% used [0x0000000701c00000,0x0000000702180b38,0x0000000705f00000)
 Metaspace       used 27606K, capacity 28958K, committed 29184K, reserved 1075200K
  class space    used 3736K, capacity 3985K, committed 4096K, reserved 1048576K
Event: 1.847 GC heap after
Heap after GC invocations=6 (full 1):
 PSYoungGen      total 106496K, used 8163K [0x0000000780980000, 0x000000078ca80000, 0x00000007c0000000)
  eden space 98304K, 0% used [0x0000000780980000,0x0000000780980000,0x0000000786980000)
  from space 8192K, 99% used [0x0000000786980000,0x0000000787178f48,0x0000000787180000)
  to   space 13312K, 0% used [0x000000078bd80000,0x000000078bd80000,0x000000078ca80000)
 ParOldGen       total 68608K, used 8701K [0x0000000701c00000, 0x0000000705f00000, 0x0000000780980000)
  object space 68608K, 12% used [0x0000000701c00000,0x000000070247f460,0x0000000705f00000)
 Metaspace       used 27606K, capacity 28958K, committed 29184K, reserved 1075200K
  class space    used 3736K, capacity 3985K, committed 4096K, reserved 1048576K
}
Event: 4.289 GC heap before
{Heap before GC invocations=7 (full 1):
 PSYoungGen      total 106496K, used 106467K [0x0000000780980000, 0x000000078ca80000, 0x00000007c0000000)
  eden space 98304K, 100% used [0x0000000780980000,0x0000000786980000,0x0000000786980000)
  from space 8192K, 99% used [0x0000000786980000,0x0000000787178f48,0x0000000787180000)
  to   space 13312K, 0% used [0x000000078bd80000,0x000000078bd80000,0x000000078ca80000)
 ParOldGen       total 68608K, used 8701K [0x0000000701c00000, 0x0000000705f00000, 0x0000000780980000)
  object space 68608K, 12% used [0x0000000701c00000,0x000000070247f460,0x0000000705f00000)
 Metaspace       used 31197K, capacity 32926K, committed 33024K, reserved 1077248K
  class space    used 4241K, capacity 4555K, committed 4608K, reserved 1048576K
Event: 4.298 GC heap after
Heap after GC invocations=7 (full 1):
 PSYoungGen      total 179200K, used 13310K [0x0000000780980000, 0x000000078ca80000, 0x00000007c0000000)
  eden space 165888K, 0% used [0x0000000780980000,0x0000000780980000,0x000000078ab80000)
  from space 13312K, 99% used [0x000000078bd80000,0x000000078ca7f8d0,0x000000078ca80000)
  to   space 15872K, 0% used [0x000000078ab80000,0x000000078ab80000,0x000000078bb00000)
 ParOldGen       total 68608K, used 9340K [0x0000000701c00000, 0x0000000705f00000, 0x0000000780980000)
  object space 68608K, 13% used [0x0000000701c00000,0x000000070251f180,0x0000000705f00000)
 Metaspace       used 31197K, capacity 32926K, committed 33024K, reserved 1077248K
  class space    used 4241K, capacity 4555K, committed 4608K, reserved 1048576K
}

