# JRE version: Java(TM) SE Runtime Environment (8.0_212-b10) (build 1.8.0_212-b10)
# Java VM: Java HotSpot(TM) 64-Bit Server VM (25.212-b10 mixed mode windows-amd64 compressed oops)
Heap:
 PSYoungGen      total 141824K, used 41873K [0x0000000780980000, 0x000000078bb80000, 0x00000007c0000000)
  eden space 128000K, 21% used [0x0000000780980000,0x00000007824e4800,0x0000000788680000)
  from space 13824K, 99% used [0x0000000789700000,0x000000078a47fe78,0x000000078a480000)
  to   space 16896K, 0% used [0x0000000788680000,0x0000000788680000,0x0000000789700000)
 ParOldGen       total 72704K, used 10914K [0x0000000701c00000, 0x0000000706300000, 0x0000000780980000)
  object space 72704K, 15% used [0x0000000701c00000,0x00000007026a8a68,0x0000000706300000)
 Metaspace       used 31566K, capacity 33370K, committed 33664K, reserved 1079296K
  class space    used 4290K, capacity 4633K, committed 4736K, reserved 1048576K
GC Heap History (10 events):
Event: 1.096 GC heap before
{Heap before GC invocations=3 (full 0):
 PSYoungGen      total 57344K, used 16832K [0x0000000780980000, 0x0000000787980000, 0x00000007c0000000)
  eden space 49152K, 17% used [0x0000000780980000,0x00000007811f7100,0x0000000783980000)
  from space 8192K, 99% used [0x0000000784180000,0x0000000784978fd8,0x0000000784980000)
  to   space 8192K, 0% used [0x0000000783980000,0x0000000783980000,0x0000000784180000)
 ParOldGen       total 131072K, used 1897K [0x0000000701c00000, 0x0000000709c00000, 0x0000000780980000)
  object space 131072K, 1% used [0x0000000701c00000,0x0000000701dda440,0x0000000709c00000)
 Metaspace       used 20714K, capacity 21288K, committed 21296K, reserved 1067008K
  class space    used 2791K, capacity 2937K, committed 2944K, reserved 1048576K
Event: 1.101 GC heap after
Heap after GC invocations=3 (full 0):
 PSYoungGen      total 57344K, used 5881K [0x0000000780980000, 0x0000000787980000, 0x00000007c0000000)
  eden space 49152K, 0% used [0x0000000780980000,0x0000000780980000,0x0000000783980000)
  from space 8192K, 71% used [0x0000000783980000,0x0000000783f3e6c0,0x0000000784180000)
  to   space 8192K, 0% used [0x0000000787180000,0x0000000787180000,0x0000000787980000)
 ParOldGen       total 131072K, used 1969K [0x0000000701c00000, 0x0000000709c00000, 0x0000000780980000)
  object space 131072K, 1% used [0x0000000701c00000,0x0000000701dec450,0x0000000709c00000)
 Metaspace       used 20714K, capacity 21288K, committed 21296K, reserved 1067008K
  class space    used 2791K, capacity 2937K, committed 2944K, reserved 1048576K
}
Event: 1.101 GC heap before
{Heap before GC invocations=4 (full 1):
 PSYoungGen      total 57344K, used 5881K [0x0000000780980000, 0x0000000787980000, 0x00000007c0000000)
  eden space 49152K, 0% used [0x0000000780980000,0x0000000780980000,0x0000000783980000)
  from space 8192K, 71% used [0x0000000783980000,0x0000000783f3e6c0,0x0000000784180000)
  to   space 8192K, 0% used [0x0000000787180000,0x0000000787180000,0x0000000787980000)
 ParOldGen       total 131072K, used 1969K [0x0000000701c00000, 0x0000000709c00000, 0x0000000780980000)
  object space 131072K, 1% used [0x0000000701c00000,0x0000000701dec450,0x0000000709c00000)
 Metaspace       used 20714K, capacity 21288K, committed 21296K, reserved 1067008K
  class space    used 2791K, capacity 2937K, committed 2944K, reserved 1048576K
Event: 1.125 GC heap after
Heap after GC invocations=4 (full 1):
 PSYoungGen      total 57344K, used 0K [0x0000000780980000, 0x0000000787980000, 0x00000007c0000000)
  eden space 49152K, 0% used [0x0000000780980000,0x0000000780980000,0x0000000783980000)
  from space 8192K, 0% used [0x0000000783980000,0x0000000783980000,0x0000000784180000)
  to   space 8192K, 0% used [0x0000000787180000,0x0000000787180000,0x0000000787980000)
 ParOldGen       total 72704K, used 5755K [0x0000000701c00000, 0x0000000706300000, 0x0000000780980000)
  object space 72704K, 7% used [0x0000000701c00000,0x000000070219ed60,0x0000000706300000)
 Metaspace       used 20712K, capacity 21282K, committed 21296K, reserved 1067008K
  class space    used 2790K, capacity 2936K, committed 2944K, reserved 1048576K
}
Event: 1.464 GC heap before
{Heap before GC invocations=5 (full 1):
 PSYoungGen      total 57344K, used 49152K [0x0000000780980000, 0x0000000787980000, 0x00000007c0000000)
  eden space 49152K, 100% used [0x0000000780980000,0x0000000783980000,0x0000000783980000)
  from space 8192K, 0% used [0x0000000783980000,0x0000000783980000,0x0000000784180000)
  to   space 8192K, 0% used [0x0000000787180000,0x0000000787180000,0x0000000787980000)
 ParOldGen       total 72704K, used 5755K [0x0000000701c00000, 0x0000000706300000, 0x0000000780980000)
  object space 72704K, 7% used [0x0000000701c00000,0x000000070219ed60,0x0000000706300000)
 Metaspace       used 22986K, capacity 23856K, committed 24192K, reserved 1071104K
  class space    used 3119K, capacity 3335K, committed 3456K, reserved 1048576K
Event: 1.468 GC heap after
Heap after GC invocations=5 (full 1):
 PSYoungGen      total 86528K, used 5046K [0x0000000780980000, 0x0000000787680000, 0x00000007c0000000)
  eden space 81408K, 0% used [0x0000000780980000,0x0000000780980000,0x0000000785900000)
  from space 5120K, 98% used [0x0000000787180000,0x000000078766d940,0x0000000787680000)
  to   space 8192K, 0% used [0x0000000786680000,0x0000000786680000,0x0000000786e80000)
 ParOldGen       total 72704K, used 5763K [0x0000000701c00000, 0x0000000706300000, 0x0000000780980000)
  object space 72704K, 7% used [0x0000000701c00000,0x00000007021a0d60,0x0000000706300000)
 Metaspace       used 22986K, capacity 23856K, committed 24192K, reserved 1071104K
  class space    used 3119K, capacity 3335K, committed 3456K, reserved 1048576K
}
Event: 2.090 GC heap before
{Heap before GC invocations=6 (full 1):
 PSYoungGen      total 86528K, used 86454K [0x0000000780980000, 0x0000000787680000, 0x00000007c0000000)
  eden space 81408K, 100% used [0x0000000780980000,0x0000000785900000,0x0000000785900000)
  from space 5120K, 98% used [0x0000000787180000,0x000000078766d940,0x0000000787680000)
  to   space 8192K, 0% used [0x0000000786680000,0x0000000786680000,0x0000000786e80000)
 ParOldGen       total 72704K, used 5763K [0x0000000701c00000, 0x0000000706300000, 0x0000000780980000)
  object space 72704K, 7% used [0x0000000701c00000,0x00000007021a0d60,0x0000000706300000)
 Metaspace       used 29480K, capacity 31070K, committed 31232K, reserved 1077248K
  class space    used 3991K, capacity 4283K, committed 4352K, reserved 1048576K
Event: 2.099 GC heap after
Heap after GC invocations=6 (full 1):
 PSYoungGen      total 103424K, used 8183K [0x0000000780980000, 0x000000078a480000, 0x00000007c0000000)
  eden space 95232K, 0% used [0x0000000780980000,0x0000000780980000,0x0000000786680000)
  from space 8192K, 99% used [0x0000000786680000,0x0000000786e7ddc8,0x0000000786e80000)
  to   space 13824K, 0% used [0x0000000789700000,0x0000000789700000,0x000000078a480000)
 ParOldGen       total 72704K, used 9250K [0x0000000701c00000, 0x0000000706300000, 0x0000000780980000)
  object space 72704K, 12% used [0x0000000701c00000,0x0000000702508830,0x0000000706300000)
 Metaspace       used 29480K, capacity 31070K, committed 31232K, reserved 1077248K
  class space    used 3991K, capacity 4283K, committed 4352K, reserved 1048576K
}
Event: 3.227 GC heap before
{Heap before GC invocations=7 (full 1):
 PSYoungGen      total 103424K, used 103415K [0x0000000780980000, 0x000000078a480000, 0x00000007c0000000)
  eden space 95232K, 100% used [0x0000000780980000,0x0000000786680000,0x0000000786680000)
  from space 8192K, 99% used [0x0000000786680000,0x0000000786e7ddc8,0x0000000786e80000)
  to   space 13824K, 0% used [0x0000000789700000,0x0000000789700000,0x000000078a480000)
 ParOldGen       total 72704K, used 9250K [0x0000000701c00000, 0x0000000706300000, 0x0000000780980000)
  object space 72704K, 12% used [0x0000000701c00000,0x0000000702508830,0x0000000706300000)
 Metaspace       used 31209K, capacity 32936K, committed 33024K, reserved 1077248K
  class space    used 4239K, capacity 4556K, committed 4608K, reserved 1048576K
Event: 3.238 GC heap after
Heap after GC invocations=7 (full 1):
 PSYoungGen      total 141824K, used 13823K [0x0000000780980000, 0x000000078bb80000, 0x00000007c0000000)
  eden space 128000K, 0% used [0x0000000780980000,0x0000000780980000,0x0000000788680000)
  from space 13824K, 99% used [0x0000000789700000,0x000000078a47fe78,0x000000078a480000)
  to   space 16896K, 0% used [0x0000000788680000,0x0000000788680000,0x0000000789700000)
 ParOldGen       total 72704K, used 10914K [0x0000000701c00000, 0x0000000706300000, 0x0000000780980000)
  object space 72704K, 15% used [0x0000000701c00000,0x00000007026a8a68,0x0000000706300000)
 Metaspace       used 31209K, capacity 32936K, committed 33024K, reserved 1077248K
  class space    used 4239K, capacity 4556K, committed 4608K, reserved 1048576K
}

