# JRE version: Java(TM) SE Runtime Environment (11.0.2+9) (build 11.0.2+9-LTS)
# Java VM: Java HotSpot(TM) 64-Bit Server VM (11.0.2+9-LTS, mixed mode, tiered, compressed oops, g1 gc, windows-amd64)
Heap:
 garbage-first heap   total 129024K, used 45884K [0x0000000082800000, 0x0000000100000000)
  region size 1024K, 37 young (37888K), 10 survivors (10240K)
 Metaspace       used 37844K, capacity 39127K, committed 39216K, reserved 1083392K
  class space    used 4710K, capacity 5209K, committed 5248K, reserved 1048576K
GC Heap History (10 events):
Event: 3.432 GC heap before
{Heap before GC invocations=2 (full 0):
 garbage-first heap   total 129024K, used 25108K [0x0000000082800000, 0x0000000100000000)
  region size 1024K, 22 young (22528K), 1 survivors (1024K)
 Metaspace       used 17931K, capacity 18454K, committed 18688K, reserved 1064960K
  class space    used 2039K, capacity 2212K, committed 2304K, reserved 1048576K
}
Event: 3.517 GC heap after
{Heap after GC invocations=3 (full 0):
 garbage-first heap   total 129024K, used 5623K [0x0000000082800000, 0x0000000100000000)
  region size 1024K, 2 young (2048K), 2 survivors (2048K)
 Metaspace       used 17931K, capacity 18454K, committed 18688K, reserved 1064960K
  class space    used 2039K, capacity 2212K, committed 2304K, reserved 1048576K
}
Event: 4.007 GC heap before
{Heap before GC invocations=3 (full 0):
 garbage-first heap   total 129024K, used 24055K [0x0000000082800000, 0x0000000100000000)
  region size 1024K, 21 young (21504K), 2 survivors (2048K)
 Metaspace       used 20616K, capacity 21183K, committed 21296K, reserved 1069056K
  class space    used 2458K, capacity 2672K, committed 2688K, reserved 1048576K
}
Event: 4.010 GC heap after
{Heap after GC invocations=4 (full 0):
 garbage-first heap   total 129024K, used 6500K [0x0000000082800000, 0x0000000100000000)
  region size 1024K, 3 young (3072K), 3 survivors (3072K)
 Metaspace       used 20616K, capacity 21183K, committed 21296K, reserved 1069056K
  class space    used 2458K, capacity 2672K, committed 2688K, reserved 1048576K
}
Event: 7.033 GC heap before
{Heap before GC invocations=5 (full 0):
 garbage-first heap   total 129024K, used 71012K [0x0000000082800000, 0x0000000100000000)
  region size 1024K, 66 young (67584K), 3 survivors (3072K)
 Metaspace       used 28970K, capacity 29939K, committed 30256K, reserved 1075200K
  class space    used 3571K, capacity 3902K, committed 3968K, reserved 1048576K
}
Event: 7.042 GC heap after
{Heap after GC invocations=6 (full 0):
 garbage-first heap   total 129024K, used 10071K [0x0000000082800000, 0x0000000100000000)
  region size 1024K, 6 young (6144K), 6 survivors (6144K)
 Metaspace       used 28970K, capacity 29939K, committed 30256K, reserved 1075200K
  class space    used 3571K, capacity 3902K, committed 3968K, reserved 1048576K
}
Event: 8.461 GC heap before
{Heap before GC invocations=6 (full 0):
 garbage-first heap   total 129024K, used 64343K [0x0000000082800000, 0x0000000100000000)
  region size 1024K, 60 young (61440K), 6 survivors (6144K)
 Metaspace       used 34769K, capacity 35834K, committed 35888K, reserved 1081344K
  class space    used 4307K, capacity 4733K, committed 4736K, reserved 1048576K
}
Event: 8.480 GC heap after
{Heap after GC invocations=7 (full 0):
 garbage-first heap   total 129024K, used 13686K [0x0000000082800000, 0x0000000100000000)
  region size 1024K, 8 young (8192K), 8 survivors (8192K)
 Metaspace       used 34769K, capacity 35834K, committed 35888K, reserved 1081344K
  class space    used 4307K, capacity 4733K, committed 4736K, reserved 1048576K
}
Event: 12.909 GC heap before
{Heap before GC invocations=8 (full 0):
 garbage-first heap   total 129024K, used 82294K [0x0000000082800000, 0x0000000100000000)
  region size 1024K, 75 young (76800K), 8 survivors (8192K)
 Metaspace       used 37505K, capacity 38721K, committed 38960K, reserved 1083392K
  class space    used 4668K, capacity 5139K, committed 5248K, reserved 1048576K
}
Event: 12.931 GC heap after
{Heap after GC invocations=9 (full 0):
 garbage-first heap   total 129024K, used 19260K [0x0000000082800000, 0x0000000100000000)
  region size 1024K, 10 young (10240K), 10 survivors (10240K)
 Metaspace       used 37505K, capacity 38721K, committed 38960K, reserved 1083392K
  class space    used 4668K, capacity 5139K, committed 5248K, reserved 1048576K
}

