# JRE version: Java(TM) SE Runtime Environment (8.0_212-b10) (build 1.8.0_212-b10)
# Java VM: Java HotSpot(TM) 64-Bit Server VM (25.212-b10 mixed mode windows-amd64 compressed oops)
Heap:
 PSYoungGen      total 142336K, used 45174K [0x0000000780980000, 0x000000078bc80000, 0x00000007c0000000)
  eden space 128512K, 24% used [0x0000000780980000,0x0000000782825050,0x0000000788700000)
  from space 13824K, 99% used [0x0000000789780000,0x000000078a4f89a0,0x000000078a500000)
  to   space 16896K, 0% used [0x0000000788700000,0x0000000788700000,0x0000000789780000)
 ParOldGen       total 72192K, used 10775K [0x0000000701c00000, 0x0000000706280000, 0x0000000780980000)
  object space 72192K, 14% used [0x0000000701c00000,0x0000000702685cd8,0x0000000706280000)
 Metaspace       used 31541K, capacity 33302K, committed 33408K, reserved 1077248K
  class space    used 4289K, capacity 4633K, committed 4736K, reserved 1048576K
GC Heap History (10 events):
Event: 1.050 GC heap before
{Heap before GC invocations=3 (full 0):
 PSYoungGen      total 57344K, used 16702K [0x0000000780980000, 0x0000000787980000, 0x00000007c0000000)
  eden space 49152K, 17% used [0x0000000780980000,0x00000007811d2150,0x0000000783980000)
  from space 8192K, 99% used [0x0000000784180000,0x000000078497d740,0x0000000784980000)
  to   space 8192K, 0% used [0x0000000783980000,0x0000000783980000,0x0000000784180000)
 ParOldGen       total 131072K, used 1979K [0x0000000701c00000, 0x0000000709c00000, 0x0000000780980000)
  object space 131072K, 1% used [0x0000000701c00000,0x0000000701deed50,0x0000000709c00000)
 Metaspace       used 20616K, capacity 21194K, committed 21296K, reserved 1067008K
  class space    used 2783K, capacity 2932K, committed 2944K, reserved 1048576K
Event: 1.054 GC heap after
Heap after GC invocations=3 (full 0):
 PSYoungGen      total 57344K, used 5899K [0x0000000780980000, 0x0000000787980000, 0x00000007c0000000)
  eden space 49152K, 0% used [0x0000000780980000,0x0000000780980000,0x0000000783980000)
  from space 8192K, 72% used [0x0000000783980000,0x0000000783f42c30,0x0000000784180000)
  to   space 8192K, 0% used [0x0000000787180000,0x0000000787180000,0x0000000787980000)
 ParOldGen       total 131072K, used 1987K [0x0000000701c00000, 0x0000000709c00000, 0x0000000780980000)
  object space 131072K, 1% used [0x0000000701c00000,0x0000000701df0d50,0x0000000709c00000)
 Metaspace       used 20616K, capacity 21194K, committed 21296K, reserved 1067008K
  class space    used 2783K, capacity 2932K, committed 2944K, reserved 1048576K
}
Event: 1.054 GC heap before
{Heap before GC invocations=4 (full 1):
 PSYoungGen      total 57344K, used 5899K [0x0000000780980000, 0x0000000787980000, 0x00000007c0000000)
  eden space 49152K, 0% used [0x0000000780980000,0x0000000780980000,0x0000000783980000)
  from space 8192K, 72% used [0x0000000783980000,0x0000000783f42c30,0x0000000784180000)
  to   space 8192K, 0% used [0x0000000787180000,0x0000000787180000,0x0000000787980000)
 ParOldGen       total 131072K, used 1987K [0x0000000701c00000, 0x0000000709c00000, 0x0000000780980000)
  object space 131072K, 1% used [0x0000000701c00000,0x0000000701df0d50,0x0000000709c00000)
 Metaspace       used 20616K, capacity 21194K, committed 21296K, reserved 1067008K
  class space    used 2783K, capacity 2932K, committed 2944K, reserved 1048576K
Event: 1.077 GC heap after
Heap after GC invocations=4 (full 1):
 PSYoungGen      total 57344K, used 0K [0x0000000780980000, 0x0000000787980000, 0x00000007c0000000)
  eden space 49152K, 0% used [0x0000000780980000,0x0000000780980000,0x0000000783980000)
  from space 8192K, 0% used [0x0000000783980000,0x0000000783980000,0x0000000784180000)
  to   space 8192K, 0% used [0x0000000787180000,0x0000000787180000,0x0000000787980000)
 ParOldGen       total 72192K, used 5708K [0x0000000701c00000, 0x0000000706280000, 0x0000000780980000)
  object space 72192K, 7% used [0x0000000701c00000,0x0000000702193050,0x0000000706280000)
 Metaspace       used 20614K, capacity 21188K, committed 21296K, reserved 1067008K
  class space    used 2783K, capacity 2931K, committed 2944K, reserved 1048576K
}
Event: 1.374 GC heap before
{Heap before GC invocations=5 (full 1):
 PSYoungGen      total 57344K, used 49152K [0x0000000780980000, 0x0000000787980000, 0x00000007c0000000)
  eden space 49152K, 100% used [0x0000000780980000,0x0000000783980000,0x0000000783980000)
  from space 8192K, 0% used [0x0000000783980000,0x0000000783980000,0x0000000784180000)
  to   space 8192K, 0% used [0x0000000787180000,0x0000000787180000,0x0000000787980000)
 ParOldGen       total 72192K, used 5721K [0x0000000701c00000, 0x0000000706280000, 0x0000000780980000)
  object space 72192K, 7% used [0x0000000701c00000,0x00000007021967f0,0x0000000706280000)
 Metaspace       used 23023K, capacity 23908K, committed 24192K, reserved 1071104K
  class space    used 3135K, capacity 3335K, committed 3456K, reserved 1048576K
Event: 1.378 GC heap after
Heap after GC invocations=5 (full 1):
 PSYoungGen      total 87040K, used 5192K [0x0000000780980000, 0x0000000787700000, 0x00000007c0000000)
  eden space 81408K, 0% used [0x0000000780980000,0x0000000780980000,0x0000000785900000)
  from space 5632K, 92% used [0x0000000787180000,0x0000000787692020,0x0000000787700000)
  to   space 8192K, 0% used [0x0000000786700000,0x0000000786700000,0x0000000786f00000)
 ParOldGen       total 72192K, used 5729K [0x0000000701c00000, 0x0000000706280000, 0x0000000780980000)
  object space 72192K, 7% used [0x0000000701c00000,0x00000007021987f0,0x0000000706280000)
 Metaspace       used 23023K, capacity 23908K, committed 24192K, reserved 1071104K
  class space    used 3135K, capacity 3335K, committed 3456K, reserved 1048576K
}
Event: 2.011 GC heap before
{Heap before GC invocations=6 (full 1):
 PSYoungGen      total 87040K, used 86600K [0x0000000780980000, 0x0000000787700000, 0x00000007c0000000)
  eden space 81408K, 100% used [0x0000000780980000,0x0000000785900000,0x0000000785900000)
  from space 5632K, 92% used [0x0000000787180000,0x0000000787692020,0x0000000787700000)
  to   space 8192K, 0% used [0x0000000786700000,0x0000000786700000,0x0000000786f00000)
 ParOldGen       total 72192K, used 5729K [0x0000000701c00000, 0x0000000706280000, 0x0000000780980000)
  object space 72192K, 7% used [0x0000000701c00000,0x00000007021987f0,0x0000000706280000)
 Metaspace       used 29313K, capacity 30928K, committed 31232K, reserved 1077248K
  class space    used 3969K, capacity 4270K, committed 4352K, reserved 1048576K
Event: 2.021 GC heap after
Heap after GC invocations=6 (full 1):
 PSYoungGen      total 103936K, used 8178K [0x0000000780980000, 0x000000078a500000, 0x00000007c0000000)
  eden space 95744K, 0% used [0x0000000780980000,0x0000000780980000,0x0000000786700000)
  from space 8192K, 99% used [0x0000000786700000,0x0000000786efc860,0x0000000786f00000)
  to   space 13824K, 0% used [0x0000000789780000,0x0000000789780000,0x000000078a500000)
 ParOldGen       total 72192K, used 9528K [0x0000000701c00000, 0x0000000706280000, 0x0000000780980000)
  object space 72192K, 13% used [0x0000000701c00000,0x000000070254e3d8,0x0000000706280000)
 Metaspace       used 29313K, capacity 30928K, committed 31232K, reserved 1077248K
  class space    used 3969K, capacity 4270K, committed 4352K, reserved 1048576K
}
Event: 4.360 GC heap before
{Heap before GC invocations=7 (full 1):
 PSYoungGen      total 103936K, used 103922K [0x0000000780980000, 0x000000078a500000, 0x00000007c0000000)
  eden space 95744K, 100% used [0x0000000780980000,0x0000000786700000,0x0000000786700000)
  from space 8192K, 99% used [0x0000000786700000,0x0000000786efc860,0x0000000786f00000)
  to   space 13824K, 0% used [0x0000000789780000,0x0000000789780000,0x000000078a500000)
 ParOldGen       total 72192K, used 9528K [0x0000000701c00000, 0x0000000706280000, 0x0000000780980000)
  object space 72192K, 13% used [0x0000000701c00000,0x000000070254e3d8,0x0000000706280000)
 Metaspace       used 31178K, capacity 32932K, committed 33024K, reserved 1077248K
  class space    used 4238K, capacity 4556K, committed 4608K, reserved 1048576K
Event: 4.371 GC heap after
Heap after GC invocations=7 (full 1):
 PSYoungGen      total 142336K, used 13794K [0x0000000780980000, 0x000000078bc80000, 0x00000007c0000000)
  eden space 128512K, 0% used [0x0000000780980000,0x0000000780980000,0x0000000788700000)
  from space 13824K, 99% used [0x0000000789780000,0x000000078a4f89a0,0x000000078a500000)
  to   space 16896K, 0% used [0x0000000788700000,0x0000000788700000,0x0000000789780000)
 ParOldGen       total 72192K, used 10775K [0x0000000701c00000, 0x0000000706280000, 0x0000000780980000)
  object space 72192K, 14% used [0x0000000701c00000,0x0000000702685cd8,0x0000000706280000)
 Metaspace       used 31178K, capacity 32932K, committed 33024K, reserved 1077248K
  class space    used 4238K, capacity 4556K, committed 4608K, reserved 1048576K
}

