# JRE version: Java(TM) SE Runtime Environment (8.0_212-b10) (build 1.8.0_212-b10)
# Java VM: Java HotSpot(TM) 64-Bit Server VM (25.212-b10 mixed mode windows-amd64 compressed oops)
Heap:
 PSYoungGen      total 138752K, used 50277K [0x0000000780980000, 0x000000078b880000, 0x00000007c0000000)
  eden space 124928K, 29% used [0x0000000780980000,0x0000000782d1cb08,0x0000000788380000)
  from space 13824K, 99% used [0x0000000789400000,0x000000078a17c9f0,0x000000078a180000)
  to   space 16896K, 0% used [0x0000000788380000,0x0000000788380000,0x0000000789400000)
 ParOldGen       total 73216K, used 10923K [0x0000000701c00000, 0x0000000706380000, 0x0000000780980000)
  object space 73216K, 14% used [0x0000000701c00000,0x00000007026aaec8,0x0000000706380000)
 Metaspace       used 31574K, capacity 33368K, committed 33664K, reserved 1079296K
  class space    used 4291K, capacity 4634K, committed 4736K, reserved 1048576K
GC Heap History (10 events):
Event: 1.039 GC heap before
{Heap before GC invocations=3 (full 0):
 PSYoungGen      total 57344K, used 18188K [0x0000000780980000, 0x0000000787980000, 0x00000007c0000000)
  eden space 49152K, 20% used [0x0000000780980000,0x0000000781347ca8,0x0000000783980000)
  from space 8192K, 99% used [0x0000000784180000,0x000000078497b6b0,0x0000000784980000)
  to   space 8192K, 0% used [0x0000000783980000,0x0000000783980000,0x0000000784180000)
 ParOldGen       total 131072K, used 1940K [0x0000000701c00000, 0x0000000709c00000, 0x0000000780980000)
  object space 131072K, 1% used [0x0000000701c00000,0x0000000701de5280,0x0000000709c00000)
 Metaspace       used 20512K, capacity 21142K, committed 21248K, reserved 1067008K
  class space    used 2781K, capacity 2984K, committed 3072K, reserved 1048576K
Event: 1.043 GC heap after
Heap after GC invocations=3 (full 0):
 PSYoungGen      total 57344K, used 6092K [0x0000000780980000, 0x0000000787980000, 0x00000007c0000000)
  eden space 49152K, 0% used [0x0000000780980000,0x0000000780980000,0x0000000783980000)
  from space 8192K, 74% used [0x0000000783980000,0x0000000783f73370,0x0000000784180000)
  to   space 8192K, 0% used [0x0000000787180000,0x0000000787180000,0x0000000787980000)
 ParOldGen       total 131072K, used 1948K [0x0000000701c00000, 0x0000000709c00000, 0x0000000780980000)
  object space 131072K, 1% used [0x0000000701c00000,0x0000000701de7280,0x0000000709c00000)
 Metaspace       used 20512K, capacity 21142K, committed 21248K, reserved 1067008K
  class space    used 2781K, capacity 2984K, committed 3072K, reserved 1048576K
}
Event: 1.043 GC heap before
{Heap before GC invocations=4 (full 1):
 PSYoungGen      total 57344K, used 6092K [0x0000000780980000, 0x0000000787980000, 0x00000007c0000000)
  eden space 49152K, 0% used [0x0000000780980000,0x0000000780980000,0x0000000783980000)
  from space 8192K, 74% used [0x0000000783980000,0x0000000783f73370,0x0000000784180000)
  to   space 8192K, 0% used [0x0000000787180000,0x0000000787180000,0x0000000787980000)
 ParOldGen       total 131072K, used 1948K [0x0000000701c00000, 0x0000000709c00000, 0x0000000780980000)
  object space 131072K, 1% used [0x0000000701c00000,0x0000000701de7280,0x0000000709c00000)
 Metaspace       used 20512K, capacity 21142K, committed 21248K, reserved 1067008K
  class space    used 2781K, capacity 2984K, committed 3072K, reserved 1048576K
Event: 1.065 GC heap after
Heap after GC invocations=4 (full 1):
 PSYoungGen      total 57344K, used 0K [0x0000000780980000, 0x0000000787980000, 0x00000007c0000000)
  eden space 49152K, 0% used [0x0000000780980000,0x0000000780980000,0x0000000783980000)
  from space 8192K, 0% used [0x0000000783980000,0x0000000783980000,0x0000000784180000)
  to   space 8192K, 0% used [0x0000000787180000,0x0000000787180000,0x0000000787980000)
 ParOldGen       total 73216K, used 5890K [0x0000000701c00000, 0x0000000706380000, 0x0000000780980000)
  object space 73216K, 8% used [0x0000000701c00000,0x00000007021c0a50,0x0000000706380000)
 Metaspace       used 20511K, capacity 21136K, committed 21248K, reserved 1067008K
  class space    used 2780K, capacity 2983K, committed 3072K, reserved 1048576K
}
Event: 1.349 GC heap before
{Heap before GC invocations=5 (full 1):
 PSYoungGen      total 57344K, used 49152K [0x0000000780980000, 0x0000000787980000, 0x00000007c0000000)
  eden space 49152K, 100% used [0x0000000780980000,0x0000000783980000,0x0000000783980000)
  from space 8192K, 0% used [0x0000000783980000,0x0000000783980000,0x0000000784180000)
  to   space 8192K, 0% used [0x0000000787180000,0x0000000787180000,0x0000000787980000)
 ParOldGen       total 73216K, used 5890K [0x0000000701c00000, 0x0000000706380000, 0x0000000780980000)
  object space 73216K, 8% used [0x0000000701c00000,0x00000007021c0a50,0x0000000706380000)
 Metaspace       used 23167K, capacity 24116K, committed 24192K, reserved 1071104K
  class space    used 3161K, capacity 3387K, committed 3456K, reserved 1048576K
Event: 1.353 GC heap after
Heap after GC invocations=5 (full 1):
 PSYoungGen      total 85504K, used 5096K [0x0000000780980000, 0x0000000787680000, 0x00000007c0000000)
  eden space 80384K, 0% used [0x0000000780980000,0x0000000780980000,0x0000000785800000)
  from space 5120K, 99% used [0x0000000787180000,0x000000078767a138,0x0000000787680000)
  to   space 8192K, 0% used [0x0000000786680000,0x0000000786680000,0x0000000786e80000)
 ParOldGen       total 73216K, used 5962K [0x0000000701c00000, 0x0000000706380000, 0x0000000780980000)
  object space 73216K, 8% used [0x0000000701c00000,0x00000007021d2a60,0x0000000706380000)
 Metaspace       used 23167K, capacity 24116K, committed 24192K, reserved 1071104K
  class space    used 3161K, capacity 3387K, committed 3456K, reserved 1048576K
}
Event: 1.974 GC heap before
{Heap before GC invocations=6 (full 1):
 PSYoungGen      total 85504K, used 85480K [0x0000000780980000, 0x0000000787680000, 0x00000007c0000000)
  eden space 80384K, 100% used [0x0000000780980000,0x0000000785800000,0x0000000785800000)
  from space 5120K, 99% used [0x0000000787180000,0x000000078767a138,0x0000000787680000)
  to   space 8192K, 0% used [0x0000000786680000,0x0000000786680000,0x0000000786e80000)
 ParOldGen       total 73216K, used 5962K [0x0000000701c00000, 0x0000000706380000, 0x0000000780980000)
  object space 73216K, 8% used [0x0000000701c00000,0x00000007021d2a60,0x0000000706380000)
 Metaspace       used 29583K, capacity 31176K, committed 31232K, reserved 1077248K
  class space    used 4006K, capacity 4318K, committed 4352K, reserved 1048576K
Event: 1.982 GC heap after
Heap after GC invocations=6 (full 1):
 PSYoungGen      total 103424K, used 8174K [0x0000000780980000, 0x000000078a180000, 0x00000007c0000000)
  eden space 95232K, 0% used [0x0000000780980000,0x0000000780980000,0x0000000786680000)
  from space 8192K, 99% used [0x0000000786680000,0x0000000786e7b930,0x0000000786e80000)
  to   space 13824K, 0% used [0x0000000789400000,0x0000000789400000,0x000000078a180000)
 ParOldGen       total 73216K, used 9763K [0x0000000701c00000, 0x0000000706380000, 0x0000000780980000)
  object space 73216K, 13% used [0x0000000701c00000,0x0000000702588f80,0x0000000706380000)
 Metaspace       used 29583K, capacity 31176K, committed 31232K, reserved 1077248K
  class space    used 4006K, capacity 4318K, committed 4352K, reserved 1048576K
}
Event: 8.084 GC heap before
{Heap before GC invocations=7 (full 1):
 PSYoungGen      total 103424K, used 103406K [0x0000000780980000, 0x000000078a180000, 0x00000007c0000000)
  eden space 95232K, 100% used [0x0000000780980000,0x0000000786680000,0x0000000786680000)
  from space 8192K, 99% used [0x0000000786680000,0x0000000786e7b930,0x0000000786e80000)
  to   space 13824K, 0% used [0x0000000789400000,0x0000000789400000,0x000000078a180000)
 ParOldGen       total 73216K, used 9763K [0x0000000701c00000, 0x0000000706380000, 0x0000000780980000)
  object space 73216K, 13% used [0x0000000701c00000,0x0000000702588f80,0x0000000706380000)
 Metaspace       used 31210K, capacity 32928K, committed 33024K, reserved 1077248K
  class space    used 4240K, capacity 4556K, committed 4608K, reserved 1048576K
Event: 8.094 GC heap after
Heap after GC invocations=7 (full 1):
 PSYoungGen      total 138752K, used 13810K [0x0000000780980000, 0x000000078b880000, 0x00000007c0000000)
  eden space 124928K, 0% used [0x0000000780980000,0x0000000780980000,0x0000000788380000)
  from space 13824K, 99% used [0x0000000789400000,0x000000078a17c9f0,0x000000078a180000)
  to   space 16896K, 0% used [0x0000000788380000,0x0000000788380000,0x0000000789400000)
 ParOldGen       total 73216K, used 10923K [0x0000000701c00000, 0x0000000706380000, 0x0000000780980000)
  object space 73216K, 14% used [0x0000000701c00000,0x00000007026aaec8,0x0000000706380000)
 Metaspace       used 31210K, capacity 32928K, committed 33024K, reserved 1077248K
  class space    used 4240K, capacity 4556K, committed 4608K, reserved 1048576K
}

