# JRE version: Java(TM) SE Runtime Environment (8.0_212-b10) (build 1.8.0_212-b10)
# Java VM: Java HotSpot(TM) 64-Bit Server VM (25.212-b10 mixed mode windows-amd64 compressed oops)
Heap:
 PSYoungGen      total 144896K, used 46162K [0x0000000780980000, 0x000000078be00000, 0x00000007c0000000)
  eden space 131072K, 24% used [0x0000000780980000,0x0000000782919ac0,0x0000000788980000)
  from space 13824K, 99% used [0x0000000789a80000,0x000000078a7fae88,0x000000078a800000)
  to   space 17408K, 0% used [0x0000000788980000,0x0000000788980000,0x0000000789a80000)
 ParOldGen       total 71168K, used 11390K [0x0000000701c00000, 0x0000000706180000, 0x0000000780980000)
  object space 71168K, 16% used [0x0000000701c00000,0x000000070271fb28,0x0000000706180000)
 Metaspace       used 31539K, capacity 33306K, committed 33664K, reserved 1079296K
  class space    used 4290K, capacity 4633K, committed 4736K, reserved 1048576K
GC Heap History (10 events):
Event: 1.153 GC heap before
{Heap before GC invocations=3 (full 0):
 PSYoungGen      total 57344K, used 15650K [0x0000000780980000, 0x0000000787980000, 0x00000007c0000000)
  eden space 49152K, 15% used [0x0000000780980000,0x00000007810cf368,0x0000000783980000)
  from space 8192K, 99% used [0x0000000784180000,0x0000000784979790,0x0000000784980000)
  to   space 8192K, 0% used [0x0000000783980000,0x0000000783980000,0x0000000784180000)
 ParOldGen       total 131072K, used 2017K [0x0000000701c00000, 0x0000000709c00000, 0x0000000780980000)
  object space 131072K, 1% used [0x0000000701c00000,0x0000000701df8658,0x0000000709c00000)
 Metaspace       used 20502K, capacity 21142K, committed 21248K, reserved 1067008K
  class space    used 2777K, capacity 2984K, committed 3072K, reserved 1048576K
Event: 1.157 GC heap after
Heap after GC invocations=3 (full 0):
 PSYoungGen      total 57344K, used 5976K [0x0000000780980000, 0x0000000787980000, 0x00000007c0000000)
  eden space 49152K, 0% used [0x0000000780980000,0x0000000780980000,0x0000000783980000)
  from space 8192K, 72% used [0x0000000783980000,0x0000000783f56250,0x0000000784180000)
  to   space 8192K, 0% used [0x0000000787180000,0x0000000787180000,0x0000000787980000)
 ParOldGen       total 131072K, used 2025K [0x0000000701c00000, 0x0000000709c00000, 0x0000000780980000)
  object space 131072K, 1% used [0x0000000701c00000,0x0000000701dfa658,0x0000000709c00000)
 Metaspace       used 20502K, capacity 21142K, committed 21248K, reserved 1067008K
  class space    used 2777K, capacity 2984K, committed 3072K, reserved 1048576K
}
Event: 1.157 GC heap before
{Heap before GC invocations=4 (full 1):
 PSYoungGen      total 57344K, used 5976K [0x0000000780980000, 0x0000000787980000, 0x00000007c0000000)
  eden space 49152K, 0% used [0x0000000780980000,0x0000000780980000,0x0000000783980000)
  from space 8192K, 72% used [0x0000000783980000,0x0000000783f56250,0x0000000784180000)
  to   space 8192K, 0% used [0x0000000787180000,0x0000000787180000,0x0000000787980000)
 ParOldGen       total 131072K, used 2025K [0x0000000701c00000, 0x0000000709c00000, 0x0000000780980000)
  object space 131072K, 1% used [0x0000000701c00000,0x0000000701dfa658,0x0000000709c00000)
 Metaspace       used 20502K, capacity 21142K, committed 21248K, reserved 1067008K
  class space    used 2777K, capacity 2984K, committed 3072K, reserved 1048576K
Event: 1.180 GC heap after
Heap after GC invocations=4 (full 1):
 PSYoungGen      total 57344K, used 0K [0x0000000780980000, 0x0000000787980000, 0x00000007c0000000)
  eden space 49152K, 0% used [0x0000000780980000,0x0000000780980000,0x0000000783980000)
  from space 8192K, 0% used [0x0000000783980000,0x0000000783980000,0x0000000784180000)
  to   space 8192K, 0% used [0x0000000787180000,0x0000000787180000,0x0000000787980000)
 ParOldGen       total 71168K, used 5730K [0x0000000701c00000, 0x0000000706180000, 0x0000000780980000)
  object space 71168K, 8% used [0x0000000701c00000,0x0000000702198960,0x0000000706180000)
 Metaspace       used 20501K, capacity 21136K, committed 21248K, reserved 1067008K
  class space    used 2777K, capacity 2983K, committed 3072K, reserved 1048576K
}
Event: 1.505 GC heap before
{Heap before GC invocations=5 (full 1):
 PSYoungGen      total 57344K, used 49152K [0x0000000780980000, 0x0000000787980000, 0x00000007c0000000)
  eden space 49152K, 100% used [0x0000000780980000,0x0000000783980000,0x0000000783980000)
  from space 8192K, 0% used [0x0000000783980000,0x0000000783980000,0x0000000784180000)
  to   space 8192K, 0% used [0x0000000787180000,0x0000000787180000,0x0000000787980000)
 ParOldGen       total 71168K, used 5730K [0x0000000701c00000, 0x0000000706180000, 0x0000000780980000)
  object space 71168K, 8% used [0x0000000701c00000,0x0000000702198960,0x0000000706180000)
 Metaspace       used 22965K, capacity 23824K, committed 23936K, reserved 1069056K
  class space    used 3136K, capacity 3355K, committed 3456K, reserved 1048576K
Event: 1.509 GC heap after
Heap after GC invocations=5 (full 1):
 PSYoungGen      total 87552K, used 4919K [0x0000000780980000, 0x0000000787680000, 0x00000007c0000000)
  eden space 82432K, 0% used [0x0000000780980000,0x0000000780980000,0x0000000785a00000)
  from space 5120K, 96% used [0x0000000787180000,0x000000078764df58,0x0000000787680000)
  to   space 8192K, 0% used [0x0000000786680000,0x0000000786680000,0x0000000786e80000)
 ParOldGen       total 71168K, used 5802K [0x0000000701c00000, 0x0000000706180000, 0x0000000780980000)
  object space 71168K, 8% used [0x0000000701c00000,0x00000007021aa970,0x0000000706180000)
 Metaspace       used 22965K, capacity 23824K, committed 23936K, reserved 1069056K
  class space    used 3136K, capacity 3355K, committed 3456K, reserved 1048576K
}
Event: 2.254 GC heap before
{Heap before GC invocations=6 (full 1):
 PSYoungGen      total 87552K, used 87351K [0x0000000780980000, 0x0000000787680000, 0x00000007c0000000)
  eden space 82432K, 100% used [0x0000000780980000,0x0000000785a00000,0x0000000785a00000)
  from space 5120K, 96% used [0x0000000787180000,0x000000078764df58,0x0000000787680000)
  to   space 8192K, 0% used [0x0000000786680000,0x0000000786680000,0x0000000786e80000)
 ParOldGen       total 71168K, used 5802K [0x0000000701c00000, 0x0000000706180000, 0x0000000780980000)
  object space 71168K, 8% used [0x0000000701c00000,0x00000007021aa970,0x0000000706180000)
 Metaspace       used 29585K, capacity 31176K, committed 31232K, reserved 1077248K
  class space    used 4012K, capacity 4318K, committed 4352K, reserved 1048576K
Event: 2.263 GC heap after
Heap after GC invocations=6 (full 1):
 PSYoungGen      total 103424K, used 8168K [0x0000000780980000, 0x000000078a800000, 0x00000007c0000000)
  eden space 95232K, 0% used [0x0000000780980000,0x0000000780980000,0x0000000786680000)
  from space 8192K, 99% used [0x0000000786680000,0x0000000786e7a0c8,0x0000000786e80000)
  to   space 13824K, 0% used [0x0000000789a80000,0x0000000789a80000,0x000000078a800000)
 ParOldGen       total 71168K, used 9833K [0x0000000701c00000, 0x0000000706180000, 0x0000000780980000)
  object space 71168K, 13% used [0x0000000701c00000,0x000000070259a640,0x0000000706180000)
 Metaspace       used 29585K, capacity 31176K, committed 31232K, reserved 1077248K
  class space    used 4012K, capacity 4318K, committed 4352K, reserved 1048576K
}
Event: 4.502 GC heap before
{Heap before GC invocations=7 (full 1):
 PSYoungGen      total 103424K, used 103400K [0x0000000780980000, 0x000000078a800000, 0x00000007c0000000)
  eden space 95232K, 100% used [0x0000000780980000,0x0000000786680000,0x0000000786680000)
  from space 8192K, 99% used [0x0000000786680000,0x0000000786e7a0c8,0x0000000786e80000)
  to   space 13824K, 0% used [0x0000000789a80000,0x0000000789a80000,0x000000078a800000)
 ParOldGen       total 71168K, used 9833K [0x0000000701c00000, 0x0000000706180000, 0x0000000780980000)
  object space 71168K, 13% used [0x0000000701c00000,0x000000070259a640,0x0000000706180000)
 Metaspace       used 31176K, capacity 32968K, committed 33024K, reserved 1077248K
  class space    used 4240K, capacity 4588K, committed 4608K, reserved 1048576K
Event: 4.512 GC heap after
Heap after GC invocations=7 (full 1):
 PSYoungGen      total 144896K, used 13803K [0x0000000780980000, 0x000000078be00000, 0x00000007c0000000)
  eden space 131072K, 0% used [0x0000000780980000,0x0000000780980000,0x0000000788980000)
  from space 13824K, 99% used [0x0000000789a80000,0x000000078a7fae88,0x000000078a800000)
  to   space 17408K, 0% used [0x0000000788980000,0x0000000788980000,0x0000000789a80000)
 ParOldGen       total 71168K, used 11390K [0x0000000701c00000, 0x0000000706180000, 0x0000000780980000)
  object space 71168K, 16% used [0x0000000701c00000,0x000000070271fb28,0x0000000706180000)
 Metaspace       used 31176K, capacity 32968K, committed 33024K, reserved 1077248K
  class space    used 4240K, capacity 4588K, committed 4608K, reserved 1048576K
}

